#
# There is insufficient memory for the Java Runtime Environment to continue.
# Native memory allocation (malloc) failed to allocate 2097152 bytes. Error detail: AllocateHeap
# Possible reasons:
#   The system is out of physical RAM or swap space
#   This process is running with CompressedOops enabled, and the Java Heap may be blocking the growth of the native heap
# Possible solutions:
#   Reduce memory load on the system
#   Increase physical memory or swap space
#   Check if swap backing store is full
#   Decrease Java heap size (-Xmx/-Xms)
#   Decrease number of Java threads
#   Decrease Java thread stack sizes (-Xss)
#   Set larger code cache with -XX:ReservedCodeCacheSize=
#   JVM is running with Unscaled Compressed Oops mode in which the Java heap is
#     placed in the first 4GB address space. The Java Heap base address is the
#     maximum limit for the native heap growth. Please use -XX:HeapBaseMinAddress
#     to set the Java Heap base and to place the Java Heap above 4GB virtual address.
# This output file may be truncated or incomplete.
#
#  Out of Memory Error (allocation.cpp:44), pid=25056, tid=25964
#
# JRE version: OpenJDK Runtime Environment Temurin-17.0.11+9 (17.0.11+9) (build 17.0.11+9)
# Java VM: OpenJDK 64-Bit Server VM Temurin-17.0.11+9 (17.0.11+9, mixed mode, emulated-client, tiered, compressed oops, compressed class ptrs, g1 gc, windows-amd64)
# No core dump will be written. Minidumps are not enabled by default on client versions of Windows
#

---------------  S U M M A R Y ------------

Command Line: -Xmx1024m -Dsts.lsp.client=vscode -Dsts.log.file=/dev/null -XX:TieredStopAtLevel=1 -Xlog:jni+resolve=off -Dspring.config.location=file:c:\Users\User\.vscode\extensions\vmware.vscode-spring-boot-1.56.0\language-server\BOOT-INF\classes\application.properties org.springframework.ide.vscode.boot.app.BootLanguageServerBootApp

Host: AMD Ryzen 5 5500U with Radeon Graphics         , 12 cores, 7G,  Windows 10 , 64 bit Build 19041 (10.0.19041.4597)
Time: Tue Jul 30 22:35:41 2024 Sri Lanka Standard Time elapsed time: 67.854590 seconds (0d 0h 1m 7s)

---------------  T H R E A D  ---------------

Current thread (0x000001c5c145d0f0):  VMThread "VM Thread" [stack: 0x000000860e500000,0x000000860e600000] [id=25964]

Stack: [0x000000860e500000,0x000000860e600000]
Native frames: (J=compiled Java code, j=interpreted, Vv=VM code, C=native code)
V  [jvm.dll+0x67d429]
V  [jvm.dll+0x834b7a]
V  [jvm.dll+0x83663e]
V  [jvm.dll+0x836ca3]
V  [jvm.dll+0x247dbf]
V  [jvm.dll+0xa6cb3]
V  [jvm.dll+0x2f8b61]
V  [jvm.dll+0x2f4750]
V  [jvm.dll+0x2dcf67]
V  [jvm.dll+0x31fb67]
V  [jvm.dll+0x83b19b]
V  [jvm.dll+0x83bed2]
V  [jvm.dll+0x83c3ed]
V  [jvm.dll+0x83c7c4]
V  [jvm.dll+0x83c890]
V  [jvm.dll+0x7e410a]
V  [jvm.dll+0x67c315]
C  [ucrtbase.dll+0x21bb2]
C  [KERNEL32.DLL+0x17374]
C  [ntdll.dll+0x4cc91]

VM_Operation (0x000000860feff230): G1CollectFull, mode: safepoint, requested by thread 0x000001c5c7469c50


---------------  P R O C E S S  ---------------

Threads class SMR info:
_java_thread_list=0x000001c5c8443a40, length=40, elements={
0x000001c5c1478f70, 0x000001c5c145e9d0, 0x000001c5c15b85b0, 0x000001c5c15b9340,
0x000001c5c15bd030, 0x000001c5c15bd900, 0x000001c5c15be1d0, 0x000001c5c15beae0,
0x000001c5c17b6c20, 0x000001c5c17b9560, 0x000001c5c746c250, 0x000001c5c7469c50,
0x000001c5c7497ff0, 0x000001c5b6239950, 0x000001c5c16e1540, 0x000001c5c752d930,
0x000001c5c752fcb0, 0x000001c5c7536470, 0x000001c5c754f300, 0x000001c5c754f810,
0x000001c5c754c570, 0x000001c5c754d4a0, 0x000001c5c754dec0, 0x000001c5c754e3d0,
0x000001c5c754d9b0, 0x000001c5c754e8e0, 0x000001c5c754c060, 0x000001c5c754ca80,
0x000001c5c754cf90, 0x000001c5c754edf0, 0x000001c5c7678670, 0x000001c5c767a4d0,
0x000001c5c7678160, 0x000001c5c7678b80, 0x000001c5c7677c50, 0x000001c5c7679090,
0x000001c5c7679ab0, 0x000001c5c7677740, 0x000001c5c76744a0, 0x000001c5c7673060
}

Java Threads: ( => current thread )
  0x000001c5c1478f70 JavaThread "Reference Handler" daemon [_thread_blocked, id=25520, stack(0x000000860e600000,0x000000860e700000)]
  0x000001c5c145e9d0 JavaThread "Finalizer" daemon [_thread_blocked, id=22848, stack(0x000000860e700000,0x000000860e800000)]
  0x000001c5c15b85b0 JavaThread "Signal Dispatcher" daemon [_thread_blocked, id=25828, stack(0x000000860e800000,0x000000860e900000)]
  0x000001c5c15b9340 JavaThread "Attach Listener" daemon [_thread_blocked, id=26172, stack(0x000000860e900000,0x000000860ea00000)]
  0x000001c5c15bd030 JavaThread "Service Thread" daemon [_thread_blocked, id=18812, stack(0x000000860ea00000,0x000000860eb00000)]
  0x000001c5c15bd900 JavaThread "Monitor Deflation Thread" daemon [_thread_blocked, id=19932, stack(0x000000860eb00000,0x000000860ec00000)]
  0x000001c5c15be1d0 JavaThread "C1 CompilerThread0" daemon [_thread_blocked, id=5832, stack(0x000000860ec00000,0x000000860ed00000)]
  0x000001c5c15beae0 JavaThread "Sweeper thread" daemon [_thread_blocked, id=22492, stack(0x000000860ed00000,0x000000860ee00000)]
  0x000001c5c17b6c20 JavaThread "Notification Thread" daemon [_thread_blocked, id=25036, stack(0x000000860ef00000,0x000000860f000000)]
  0x000001c5c17b9560 JavaThread "Common-Cleaner" daemon [_thread_blocked, id=25460, stack(0x000000860f100000,0x000000860f200000)]
  0x000001c5c746c250 JavaThread "boundedElastic-evictor-1" daemon [_thread_blocked, id=22080, stack(0x000000860f700000,0x000000860f800000)]
  0x000001c5c7469c50 JavaThread "pool-13-thread-1" [_thread_blocked, id=3448, stack(0x000000860fe00000,0x000000860ff00000)]
  0x000001c5c7497ff0 JavaThread "LanguageServerApp-lifecycle" [_thread_blocked, id=25544, stack(0x000000860ff00000,0x0000008610000000)]
  0x000001c5b6239950 JavaThread "DestroyJavaVM" [_thread_blocked, id=23476, stack(0x000000860df00000,0x000000860e000000)]
  0x000001c5c16e1540 JavaThread "pool-14-thread-1" [_thread_in_native, id=13828, stack(0x0000008610000000,0x0000008610100000)]
  0x000001c5c752d930 JavaThread "Simple-Language-Server main thread" daemon [_thread_blocked, id=13576, stack(0x0000008610100000,0x0000008610200000)]
  0x000001c5c752fcb0 JavaThread "pool-3-thread-1" [_thread_blocked, id=26540, stack(0x0000008610200000,0x0000008610300000)]
  0x000001c5c7536470 JavaThread "pool-3-thread-2" [_thread_blocked, id=11388, stack(0x0000008610300000,0x0000008610400000)]
  0x000001c5c754f300 JavaThread "pool-8-thread-1" [_thread_blocked, id=23048, stack(0x0000008610400000,0x0000008610500000)]
  0x000001c5c754f810 JavaThread "parallel-1" daemon [_thread_blocked, id=10880, stack(0x0000008610500000,0x0000008610600000)]
  0x000001c5c754c570 JavaThread "pool-6-thread-1" [_thread_blocked, id=24752, stack(0x0000008610600000,0x0000008610700000)]
  0x000001c5c754d4a0 JavaThread "parallel-2" daemon [_thread_blocked, id=8448, stack(0x0000008610700000,0x0000008610800000)]
  0x000001c5c754dec0 JavaThread "parallel-3" daemon [_thread_blocked, id=1264, stack(0x0000008610800000,0x0000008610900000)]
  0x000001c5c754e3d0 JavaThread "pool-5-thread-1" [_thread_blocked, id=17856, stack(0x0000008610900000,0x0000008610a00000)]
  0x000001c5c754d9b0 JavaThread "ForkJoinPool.commonPool-worker-1" daemon [_thread_blocked, id=2524, stack(0x0000008610a00000,0x0000008610b00000)]
  0x000001c5c754e8e0 JavaThread "pool-5-thread-2" [_thread_blocked, id=23892, stack(0x0000008610b00000,0x0000008610c00000)]
  0x000001c5c754c060 JavaThread "pool-5-thread-3" [_thread_blocked, id=10292, stack(0x0000008610c00000,0x0000008610d00000)]
  0x000001c5c754ca80 JavaThread "pool-5-thread-4" [_thread_blocked, id=19084, stack(0x0000008610d00000,0x0000008610e00000)]
  0x000001c5c754cf90 JavaThread "pool-4-thread-1" [_thread_blocked, id=14988, stack(0x0000008610e00000,0x0000008610f00000)]
  0x000001c5c754edf0 JavaThread "parallel-4" daemon [_thread_blocked, id=13696, stack(0x0000008610f00000,0x0000008611000000)]
  0x000001c5c7678670 JavaThread "parallel-5" daemon [_thread_blocked, id=21888, stack(0x0000008611000000,0x0000008611100000)]
  0x000001c5c767a4d0 JavaThread "ForkJoinPool.commonPool-worker-2" daemon [_thread_blocked, id=15404, stack(0x0000008611100000,0x0000008611200000)]
  0x000001c5c7678160 JavaThread "Reconciler-1" daemon [_thread_blocked, id=25836, stack(0x0000008611200000,0x0000008611300000)]
  0x000001c5c7678b80 JavaThread "OkHttp api.spring.io" daemon [_thread_in_native, id=25000, stack(0x0000008611700000,0x0000008611800000)]
  0x000001c5c7677c50 JavaThread "OkHttp TaskRunner" daemon [_thread_blocked, id=26468, stack(0x0000008611800000,0x0000008611900000)]
  0x000001c5c7679090 JavaThread "OkHttp api.spring.io" daemon [_thread_in_native, id=13960, stack(0x0000008611900000,0x0000008611a00000)]
  0x000001c5c7679ab0 JavaThread "OkHttp api.spring.io" daemon [_thread_in_native, id=10848, stack(0x0000008611a00000,0x0000008611b00000)]
  0x000001c5c7677740 JavaThread "Okio Watchdog" daemon [_thread_blocked, id=21620, stack(0x0000008611b00000,0x0000008611c00000)]
  0x000001c5c76744a0 JavaThread "OkHttp TaskRunner" daemon [_thread_blocked, id=1428, stack(0x0000008611c00000,0x0000008611d00000)]
  0x000001c5c7673060 JavaThread "OkHttp TaskRunner" daemon [_thread_blocked, id=22336, stack(0x0000008611d00000,0x0000008611e00000)]

Other Threads:
=>0x000001c5c145d0f0 VMThread "VM Thread" [stack: 0x000000860e500000,0x000000860e600000] [id=25964]
  0x000001c5c17b7100 WatcherThread [stack: 0x000000860f000000,0x000000860f100000] [id=25004]
  0x000001c5b6277770 GCTaskThread "GC Thread#0" [stack: 0x000000860e000000,0x000000860e100000] [id=20888]
  0x000001c5c67f2450 GCTaskThread "GC Thread#1" [stack: 0x000000860f200000,0x000000860f300000] [id=8356]
  0x000001c5c679b570 GCTaskThread "GC Thread#2" [stack: 0x000000860f300000,0x000000860f400000] [id=21720]
  0x000001c5c679c840 GCTaskThread "GC Thread#3" [stack: 0x000000860f400000,0x000000860f500000] [id=6704]
  0x000001c5c6a878f0 GCTaskThread "GC Thread#4" [stack: 0x000000860f500000,0x000000860f600000] [id=22916]
  0x000001c5c68fb860 GCTaskThread "GC Thread#5" [stack: 0x000000860f600000,0x000000860f700000] [id=23404]
  0x000001c5c6bd62e0 GCTaskThread "GC Thread#6" [stack: 0x000000860f800000,0x000000860f900000] [id=23716]
  0x000001c5c6d02860 GCTaskThread "GC Thread#7" [stack: 0x000000860f900000,0x000000860fa00000] [id=6120]
  0x000001c5c6d92c90 GCTaskThread "GC Thread#8" [stack: 0x000000860fa00000,0x000000860fb00000] [id=2560]
  0x000001c5c6d92f50 GCTaskThread "GC Thread#9" [stack: 0x000000860fb00000,0x000000860fc00000] [id=16036]
  0x000001c5b62806c0 ConcurrentGCThread "G1 Main Marker" [stack: 0x000000860e100000,0x000000860e200000] [id=25364]
  0x000001c5b62810e0 ConcurrentGCThread "G1 Conc#0" [stack: 0x000000860e200000,0x000000860e300000] [id=14188]
  0x000001c5c6d74060 ConcurrentGCThread "G1 Conc#1" [stack: 0x000000860fc00000,0x000000860fd00000] [id=26500]
  0x000001c5c6ca5680 ConcurrentGCThread "G1 Conc#2" [stack: 0x000000860fd00000,0x000000860fe00000] [id=26336]
  0x000001c5c12d20b0 ConcurrentGCThread "G1 Refine#0" [stack: 0x000000860e300000,0x000000860e400000] [id=22816]
  0x000001c5c12d29f0 ConcurrentGCThread "G1 Service" [stack: 0x000000860e400000,0x000000860e500000] [id=15384]

Threads with active compile tasks:

VM state: at safepoint (normal execution)

VM Mutex/Monitor currently owned by a thread:  ([mutex/lock_event])
[0x000001c5b3faa970] Threads_lock - owner thread: 0x000001c5c145d0f0
[0x000001c5b406d0d0] Heap_lock - owner thread: 0x000001c5c7469c50

Heap address: 0x00000000c0000000, size: 1024 MB, Compressed Oops mode: 32-bit

CDS archive(s) not mapped
Compressed class space mapped at: 0x0000000100000000-0x0000000140000000, reserved size: 1073741824
Narrow klass base: 0x0000000000000000, Narrow klass shift: 3, Narrow klass range: 0x140000000

GC Precious Log:
 CPUs: 12 total, 12 available
 Memory: 7563M
 Large Page Support: Disabled
 NUMA Support: Disabled
 Compressed Oops: Enabled (32-bit)
 Heap Region Size: 1M
 Heap Min Capacity: 8M
 Heap Initial Capacity: 120M
 Heap Max Capacity: 1G
 Pre-touch: Disabled
 Parallel Workers: 10
 Concurrent Workers: 3
 Concurrent Refinement Workers: 10
 Periodic GC: Disabled

Heap:
 garbage-first heap   total 97280K, used 45419K [0x00000000c0000000, 0x0000000100000000)
  region size 1024K, 1 young (1024K), 0 survivors (0K)
 Metaspace       used 62582K, committed 63104K, reserved 1114112K
  class space    used 7746K, committed 8000K, reserved 1048576K

Heap Regions: E=young(eden), S=young(survivor), O=old, HS=humongous(starts), HC=humongous(continues), CS=collection set, F=free, OA=open archive, CA=closed archive, TAMS=top-at-mark-start (previous, next)
|   0|0x00000000c0000000, 0x00000000c0100000, 0x00000000c0100000|100%|HS|  |TAMS 0x00000000c0100000, 0x00000000c0000000| Untracked 
|   1|0x00000000c0100000, 0x00000000c0200000, 0x00000000c0200000|100%|HC|  |TAMS 0x00000000c0200000, 0x00000000c0100000| Untracked 
|   2|0x00000000c0200000, 0x00000000c0300000, 0x00000000c0300000|100%|HC|  |TAMS 0x00000000c0300000, 0x00000000c0200000| Untracked 
|   3|0x00000000c0300000, 0x00000000c0400000, 0x00000000c0400000|100%|HC|  |TAMS 0x00000000c0400000, 0x00000000c0300000| Untracked 
|   4|0x00000000c0400000, 0x00000000c0500000, 0x00000000c0500000|100%|HS|  |TAMS 0x00000000c0500000, 0x00000000c0400000| Untracked 
|   5|0x00000000c0500000, 0x00000000c0600000, 0x00000000c0600000|100%|HC|  |TAMS 0x00000000c0600000, 0x00000000c0500000| Untracked 
|   6|0x00000000c0600000, 0x00000000c0700000, 0x00000000c0700000|100%| O|  |TAMS 0x00000000c0700000, 0x00000000c0600000| Untracked 
|   7|0x00000000c0700000, 0x00000000c0800000, 0x00000000c0800000|100%| O|  |TAMS 0x00000000c0800000, 0x00000000c0700000| Untracked 
|   8|0x00000000c0800000, 0x00000000c0900000, 0x00000000c0900000|100%| O|  |TAMS 0x00000000c0900000, 0x00000000c0800000| Untracked 
|   9|0x00000000c0900000, 0x00000000c0a00000, 0x00000000c0a00000|100%| O|  |TAMS 0x00000000c0a00000, 0x00000000c0900000| Untracked 
|  10|0x00000000c0a00000, 0x00000000c0b00000, 0x00000000c0b00000|100%| O|  |TAMS 0x00000000c0b00000, 0x00000000c0a00000| Untracked 
|  11|0x00000000c0b00000, 0x00000000c0bffff0, 0x00000000c0c00000| 99%| O|  |TAMS 0x00000000c0b00000, 0x00000000c0b00000| Untracked 
|  12|0x00000000c0c00000, 0x00000000c0cfffd8, 0x00000000c0d00000| 99%| O|  |TAMS 0x00000000c0c00000, 0x00000000c0c00000| Untracked 
|  13|0x00000000c0d00000, 0x00000000c0e00000, 0x00000000c0e00000|100%| O|  |TAMS 0x00000000c0e00000, 0x00000000c0d00000| Untracked 
|  14|0x00000000c0e00000, 0x00000000c0effeb8, 0x00000000c0f00000| 99%| O|  |TAMS 0x00000000c0e00000, 0x00000000c0e00000| Untracked 
|  15|0x00000000c0f00000, 0x00000000c1000000, 0x00000000c1000000|100%| O|  |TAMS 0x00000000c1000000, 0x00000000c0f00000| Untracked 
|  16|0x00000000c1000000, 0x00000000c10fffe0, 0x00000000c1100000| 99%| O|  |TAMS 0x00000000c1000000, 0x00000000c1000000| Untracked 
|  17|0x00000000c1100000, 0x00000000c1200000, 0x00000000c1200000|100%| O|  |TAMS 0x00000000c1100000, 0x00000000c1100000| Untracked 
|  18|0x00000000c1200000, 0x00000000c1300000, 0x00000000c1300000|100%| O|  |TAMS 0x00000000c1300000, 0x00000000c1200000| Untracked 
|  19|0x00000000c1300000, 0x00000000c1400000, 0x00000000c1400000|100%| O|  |TAMS 0x00000000c1400000, 0x00000000c1300000| Untracked 
|  20|0x00000000c1400000, 0x00000000c1500000, 0x00000000c1500000|100%| O|  |TAMS 0x00000000c1500000, 0x00000000c1400000| Untracked 
|  21|0x00000000c1500000, 0x00000000c15ffff0, 0x00000000c1600000| 99%| O|  |TAMS 0x00000000c1500000, 0x00000000c1500000| Untracked 
|  22|0x00000000c1600000, 0x00000000c1700000, 0x00000000c1700000|100%| O|  |TAMS 0x00000000c1700000, 0x00000000c1600000| Untracked 
|  23|0x00000000c1700000, 0x00000000c17d68f8, 0x00000000c1800000| 83%| O|  |TAMS 0x00000000c1700000, 0x00000000c1700000| Untracked 
|  24|0x00000000c1800000, 0x00000000c18fffe8, 0x00000000c1900000| 99%| O|  |TAMS 0x00000000c1800000, 0x00000000c1800000| Untracked 
|  25|0x00000000c1900000, 0x00000000c19f9ad8, 0x00000000c1a00000| 97%| O|  |TAMS 0x00000000c1900000, 0x00000000c1900000| Untracked 
|  26|0x00000000c1a00000, 0x00000000c1afffb8, 0x00000000c1b00000| 99%| O|  |TAMS 0x00000000c1a00000, 0x00000000c1a00000| Untracked 
|  27|0x00000000c1b00000, 0x00000000c1bf28e0, 0x00000000c1c00000| 94%| O|  |TAMS 0x00000000c1b00000, 0x00000000c1b00000| Untracked 
|  28|0x00000000c1c00000, 0x00000000c1cfff30, 0x00000000c1d00000| 99%| O|  |TAMS 0x00000000c1c00000, 0x00000000c1c00000| Untracked 
|  29|0x00000000c1d00000, 0x00000000c1dfffb0, 0x00000000c1e00000| 99%| O|  |TAMS 0x00000000c1d00000, 0x00000000c1d00000| Untracked 
|  30|0x00000000c1e00000, 0x00000000c1f00000, 0x00000000c1f00000|100%|HS|  |TAMS 0x00000000c1f00000, 0x00000000c1e00000| Untracked 
|  31|0x00000000c1f00000, 0x00000000c1ffffc0, 0x00000000c2000000| 99%| O|  |TAMS 0x00000000c1f00000, 0x00000000c1f00000| Untracked 
|  32|0x00000000c2000000, 0x00000000c2100000, 0x00000000c2100000|100%| O|  |TAMS 0x00000000c2100000, 0x00000000c2000000| Untracked 
|  33|0x00000000c2100000, 0x00000000c2200000, 0x00000000c2200000|100%| O|  |TAMS 0x00000000c2200000, 0x00000000c2100000| Untracked 
|  34|0x00000000c2200000, 0x00000000c2300000, 0x00000000c2300000|100%| O|  |TAMS 0x00000000c2200000, 0x00000000c2200000| Untracked 
|  35|0x00000000c2300000, 0x00000000c23c90a0, 0x00000000c2400000| 78%| O|  |TAMS 0x00000000c2300000, 0x00000000c2300000| Untracked 
|  36|0x00000000c2400000, 0x00000000c24ffca8, 0x00000000c2500000| 99%| O|  |TAMS 0x00000000c2400000, 0x00000000c2400000| Untracked 
|  37|0x00000000c2500000, 0x00000000c2600000, 0x00000000c2600000|100%| O|  |TAMS 0x00000000c2600000, 0x00000000c2500000| Untracked 
|  38|0x00000000c2600000, 0x00000000c26fffe8, 0x00000000c2700000| 99%| O|  |TAMS 0x00000000c2600000, 0x00000000c2600000| Untracked 
|  39|0x00000000c2700000, 0x00000000c27ffff0, 0x00000000c2800000| 99%| O|  |TAMS 0x00000000c2700000, 0x00000000c2700000| Untracked 
|  40|0x00000000c2800000, 0x00000000c28f5058, 0x00000000c2900000| 95%| O|  |TAMS 0x00000000c2800000, 0x00000000c2800000| Untracked 
|  41|0x00000000c2900000, 0x00000000c2988a50, 0x00000000c2a00000| 53%| O|  |TAMS 0x00000000c2900000, 0x00000000c2900000| Untracked 
|  42|0x00000000c2a00000, 0x00000000c2ac98d8, 0x00000000c2b00000| 78%| O|  |TAMS 0x00000000c2a00000, 0x00000000c2a00000| Untracked 
|  43|0x00000000c2b00000, 0x00000000c2ba5688, 0x00000000c2c00000| 64%| O|  |TAMS 0x00000000c2b00000, 0x00000000c2b00000| Untracked 
|  44|0x00000000c2c00000, 0x00000000c2cf5e40, 0x00000000c2d00000| 96%| O|  |TAMS 0x00000000c2c00000, 0x00000000c2c00000| Untracked 
|  45|0x00000000c2d00000, 0x00000000c2d00000, 0x00000000c2e00000|  0%| F|  |TAMS 0x00000000c2d00000, 0x00000000c2d00000| Untracked 
|  46|0x00000000c2e00000, 0x00000000c2e75e98, 0x00000000c2f00000| 46%| O|  |TAMS 0x00000000c2e00000, 0x00000000c2e00000| Untracked 
|  47|0x00000000c2f00000, 0x00000000c2f00000, 0x00000000c3000000|  0%| F|  |TAMS 0x00000000c2f00000, 0x00000000c2f00000| Untracked 
|  48|0x00000000c3000000, 0x00000000c3077138, 0x00000000c3100000| 46%| O|  |TAMS 0x00000000c3000000, 0x00000000c3000000| Untracked 
|  49|0x00000000c3100000, 0x00000000c3100000, 0x00000000c3200000|  0%| F|  |TAMS 0x00000000c3100000, 0x00000000c3100000| Untracked 
|  50|0x00000000c3200000, 0x00000000c3200000, 0x00000000c3300000|  0%| F|  |TAMS 0x00000000c3200000, 0x00000000c3200000| Untracked 
|  51|0x00000000c3300000, 0x00000000c3300000, 0x00000000c3400000|  0%| F|  |TAMS 0x00000000c3300000, 0x00000000c3300000| Untracked 
|  52|0x00000000c3400000, 0x00000000c3400000, 0x00000000c3500000|  0%| F|  |TAMS 0x00000000c3400000, 0x00000000c3400000| Untracked 
|  53|0x00000000c3500000, 0x00000000c3500000, 0x00000000c3600000|  0%| F|  |TAMS 0x00000000c3500000, 0x00000000c3500000| Untracked 
|  54|0x00000000c3600000, 0x00000000c3600000, 0x00000000c3700000|  0%| F|  |TAMS 0x00000000c3600000, 0x00000000c3600000| Untracked 
|  55|0x00000000c3700000, 0x00000000c3700000, 0x00000000c3800000|  0%| F|  |TAMS 0x00000000c3700000, 0x00000000c3700000| Untracked 
|  56|0x00000000c3800000, 0x00000000c3800000, 0x00000000c3900000|  0%| F|  |TAMS 0x00000000c3800000, 0x00000000c3800000| Untracked 
|  57|0x00000000c3900000, 0x00000000c3900000, 0x00000000c3a00000|  0%| F|  |TAMS 0x00000000c3900000, 0x00000000c3900000| Untracked 
|  58|0x00000000c3a00000, 0x00000000c3a00000, 0x00000000c3b00000|  0%| F|  |TAMS 0x00000000c3a00000, 0x00000000c3a00000| Untracked 
|  59|0x00000000c3b00000, 0x00000000c3b00000, 0x00000000c3c00000|  0%| F|  |TAMS 0x00000000c3b00000, 0x00000000c3b00000| Untracked 
|  60|0x00000000c3c00000, 0x00000000c3c00000, 0x00000000c3d00000|  0%| F|  |TAMS 0x00000000c3c00000, 0x00000000c3c00000| Untracked 
|  61|0x00000000c3d00000, 0x00000000c3d00000, 0x00000000c3e00000|  0%| F|  |TAMS 0x00000000c3d00000, 0x00000000c3d00000| Untracked 
|  62|0x00000000c3e00000, 0x00000000c3e00000, 0x00000000c3f00000|  0%| F|  |TAMS 0x00000000c3e00000, 0x00000000c3e00000| Untracked 
|  63|0x00000000c3f00000, 0x00000000c3f00000, 0x00000000c4000000|  0%| F|  |TAMS 0x00000000c3f00000, 0x00000000c3f00000| Untracked 
|  64|0x00000000c4000000, 0x00000000c4000000, 0x00000000c4100000|  0%| F|  |TAMS 0x00000000c4000000, 0x00000000c4000000| Untracked 
|  65|0x00000000c4100000, 0x00000000c4100000, 0x00000000c4200000|  0%| F|  |TAMS 0x00000000c4100000, 0x00000000c4100000| Untracked 
|  66|0x00000000c4200000, 0x00000000c4200000, 0x00000000c4300000|  0%| F|  |TAMS 0x00000000c4200000, 0x00000000c4200000| Untracked 
|  67|0x00000000c4300000, 0x00000000c4300000, 0x00000000c4400000|  0%| F|  |TAMS 0x00000000c4300000, 0x00000000c4300000| Untracked 
|  68|0x00000000c4400000, 0x00000000c4400000, 0x00000000c4500000|  0%| F|  |TAMS 0x00000000c4400000, 0x00000000c4400000| Untracked 
|  69|0x00000000c4500000, 0x00000000c4500000, 0x00000000c4600000|  0%| F|  |TAMS 0x00000000c4500000, 0x00000000c4500000| Untracked 
|  70|0x00000000c4600000, 0x00000000c4600000, 0x00000000c4700000|  0%| F|  |TAMS 0x00000000c4600000, 0x00000000c4600000| Untracked 
|  71|0x00000000c4700000, 0x00000000c4700000, 0x00000000c4800000|  0%| F|  |TAMS 0x00000000c4700000, 0x00000000c4700000| Untracked 
|  72|0x00000000c4800000, 0x00000000c4800000, 0x00000000c4900000|  0%| F|  |TAMS 0x00000000c4800000, 0x00000000c4800000| Untracked 
|  73|0x00000000c4900000, 0x00000000c4900000, 0x00000000c4a00000|  0%| F|  |TAMS 0x00000000c4900000, 0x00000000c4900000| Untracked 
|  74|0x00000000c4a00000, 0x00000000c4a00000, 0x00000000c4b00000|  0%| F|  |TAMS 0x00000000c4a00000, 0x00000000c4a00000| Untracked 
|  75|0x00000000c4b00000, 0x00000000c4b00000, 0x00000000c4c00000|  0%| F|  |TAMS 0x00000000c4b00000, 0x00000000c4b00000| Untracked 
|  76|0x00000000c4c00000, 0x00000000c4c00000, 0x00000000c4d00000|  0%| F|  |TAMS 0x00000000c4c00000, 0x00000000c4c00000| Untracked 
|  77|0x00000000c4d00000, 0x00000000c4d00000, 0x00000000c4e00000|  0%| F|  |TAMS 0x00000000c4d00000, 0x00000000c4d00000| Untracked 
|  78|0x00000000c4e00000, 0x00000000c4e00000, 0x00000000c4f00000|  0%| F|  |TAMS 0x00000000c4e00000, 0x00000000c4e00000| Untracked 
|  79|0x00000000c4f00000, 0x00000000c4f00000, 0x00000000c5000000|  0%| F|  |TAMS 0x00000000c4f00000, 0x00000000c4f00000| Untracked 
|  80|0x00000000c5000000, 0x00000000c5000000, 0x00000000c5100000|  0%| F|  |TAMS 0x00000000c5000000, 0x00000000c5000000| Untracked 
|  81|0x00000000c5100000, 0x00000000c5100000, 0x00000000c5200000|  0%| F|  |TAMS 0x00000000c5100000, 0x00000000c5100000| Untracked 
|  82|0x00000000c5200000, 0x00000000c5200000, 0x00000000c5300000|  0%| F|  |TAMS 0x00000000c5200000, 0x00000000c5200000| Untracked 
|  83|0x00000000c5300000, 0x00000000c5300000, 0x00000000c5400000|  0%| F|  |TAMS 0x00000000c5300000, 0x00000000c5300000| Untracked 
|  84|0x00000000c5400000, 0x00000000c5400000, 0x00000000c5500000|  0%| F|  |TAMS 0x00000000c5400000, 0x00000000c5400000| Untracked 
|  85|0x00000000c5500000, 0x00000000c5500000, 0x00000000c5600000|  0%| F|  |TAMS 0x00000000c5500000, 0x00000000c5500000| Untracked 
|  86|0x00000000c5600000, 0x00000000c5600000, 0x00000000c5700000|  0%| F|  |TAMS 0x00000000c5600000, 0x00000000c5600000| Untracked 
|  87|0x00000000c5700000, 0x00000000c5700000, 0x00000000c5800000|  0%| F|  |TAMS 0x00000000c5700000, 0x00000000c5700000| Untracked 
|  88|0x00000000c5800000, 0x00000000c5800000, 0x00000000c5900000|  0%| F|  |TAMS 0x00000000c5800000, 0x00000000c5800000| Untracked 
|  89|0x00000000c5900000, 0x00000000c5900000, 0x00000000c5a00000|  0%| F|  |TAMS 0x00000000c5900000, 0x00000000c5900000| Untracked 
|  90|0x00000000c5a00000, 0x00000000c5a00000, 0x00000000c5b00000|  0%| F|  |TAMS 0x00000000c5a00000, 0x00000000c5a00000| Untracked 
|  91|0x00000000c5b00000, 0x00000000c5b00000, 0x00000000c5c00000|  0%| F|  |TAMS 0x00000000c5b00000, 0x00000000c5b00000| Untracked 
|  92|0x00000000c5c00000, 0x00000000c5c00000, 0x00000000c5d00000|  0%| F|  |TAMS 0x00000000c5c00000, 0x00000000c5c00000| Untracked 
|  93|0x00000000c5d00000, 0x00000000c5d00000, 0x00000000c5e00000|  0%| F|  |TAMS 0x00000000c5d00000, 0x00000000c5d00000| Untracked 
| 119|0x00000000c7700000, 0x00000000c7716ad8, 0x00000000c7800000|  8%| E|  |TAMS 0x00000000c7700000, 0x00000000c7700000| Complete 

Card table byte_map: [0x000001c5bc400000,0x000001c5bc600000] _byte_map_base: 0x000001c5bbe00000

Marking Bits (Prev, Next): (CMBitMap*) 0x000001c5b6277dd0, (CMBitMap*) 0x000001c5b6277d90
 Prev Bits: [0x000001c5bd800000, 0x000001c5be800000)
 Next Bits: [0x000001c5bc800000, 0x000001c5bd800000)

Polling page: 0x000001c5b4160000

Metaspace:

Usage:
  Non-class:     53.55 MB used.
      Class:      7.56 MB used.
       Both:     61.12 MB used.

Virtual space:
  Non-class space:       64.00 MB reserved,      53.81 MB ( 84%) committed,  1 nodes.
      Class space:        1.00 GB reserved,       7.81 MB ( <1%) committed,  1 nodes.
             Both:        1.06 GB reserved,      61.62 MB (  6%) committed. 

Chunk freelists:
   Non-Class:  9.42 MB
       Class:  8.17 MB
        Both:  17.59 MB

MaxMetaspaceSize: unlimited
CompressedClassSpaceSize: 1.00 GB
Initial GC threshold: 21.00 MB
Current GC threshold: 102.75 MB
CDS: off
MetaspaceReclaimPolicy: balanced
 - commit_granule_bytes: 65536.
 - commit_granule_words: 8192.
 - virtual_space_node_default_size: 8388608.
 - enlarge_chunks_in_place: 1.
 - new_chunks_are_fully_committed: 0.
 - uncommit_free_chunks: 1.
 - use_allocation_guard: 0.
 - handle_deallocations: 1.


Internal statistics:

num_allocs_failed_limit: 8.
num_arena_births: 640.
num_arena_deaths: 0.
num_vsnodes_births: 2.
num_vsnodes_deaths: 0.
num_space_committed: 985.
num_space_uncommitted: 0.
num_chunks_returned_to_freelist: 8.
num_chunks_taken_from_freelist: 2599.
num_chunk_merges: 8.
num_chunk_splits: 1835.
num_chunks_enlarged: 1420.
num_inconsistent_stats: 0.

CodeCache: size=49152Kb used=12228Kb max_used=13915Kb free=36923Kb
 bounds [0x000001c5b8ed0000, 0x000001c5b9c70000, 0x000001c5bbed0000]
 total_blobs=7275 nmethods=6593 adapters=609
 compilation: enabled
              stopped_count=0, restarted_count=0
 full_count=0

Compilation events (20 events):
Event: 24.475 Thread 0x000001c5c79ea350 6584       1       java.time.LocalTime::get0 (255 bytes)
Event: 24.475 Thread 0x000001c5c7048db0 nmethod 6582 0x000001c5b9c63310 code [0x000001c5b9c634e0, 0x000001c5b9c63768]
Event: 24.475 Thread 0x000001c5c79edb40 nmethod 6583 0x000001c5b9c63910 code [0x000001c5b9c63ae0, 0x000001c5b9c63d08]
Event: 24.477 Thread 0x000001c5c79ea350 nmethod 6584 0x000001c5b9c63e10 code [0x000001c5b9c640c0, 0x000001c5b9c64a18]
Event: 24.490 Thread 0x000001c5c79edb40 6585       1       java.lang.Enum::toString (5 bytes)
Event: 24.490 Thread 0x000001c5c7048db0 6586       1       com.google.gson.internal.$Gson$Types::checkNotPrimitive (26 bytes)
Event: 24.490 Thread 0x000001c5c79edb40 nmethod 6585 0x000001c5b9c64e10 code [0x000001c5b9c64fa0, 0x000001c5b9c65078]
Event: 24.491 Thread 0x000001c5c7048db0 nmethod 6586 0x000001c5b9c65110 code [0x000001c5b9c652c0, 0x000001c5b9c654a8]
Event: 24.491 Thread 0x000001c5c79ea350 6587       1       com.google.gson.internal.bind.TreeTypeAdapter$SingleTypeFactory::create (86 bytes)
Event: 24.491 Thread 0x000001c5c79ea350 nmethod 6587 0x000001c5b9c65590 code [0x000001c5b9c65760, 0x000001c5b9c65aa8]
Event: 24.492 Thread 0x000001c5c79edb40 6588       1       com.google.gson.internal.$Gson$Types$ParameterizedTypeImpl::getActualTypeArguments (11 bytes)
Event: 24.492 Thread 0x000001c5c79edb40 nmethod 6588 0x000001c5b9c65c90 code [0x000001c5b9c65e20, 0x000001c5b9c65f68]
Event: 24.493 Thread 0x000001c5c79edb40 6589       1       java.lang.invoke.LambdaFormEditor::getInCache (165 bytes)
Event: 24.493 Thread 0x000001c5c7048db0 6590       1       java.util.TreeMap::size (5 bytes)
Event: 24.494 Thread 0x000001c5c7048db0 nmethod 6590 0x000001c5b9c66010 code [0x000001c5b9c661a0, 0x000001c5b9c66278]
Event: 24.495 Thread 0x000001c5c79edb40 nmethod 6589 0x000001c5b9c66310 code [0x000001c5b9c66500, 0x000001c5b9c669e8]
Event: 57.407 Thread 0x000001c5c15be1d0 6592       1       java.lang.invoke.InvokerBytecodeGenerator::resolveFrom (81 bytes)
Event: 57.407 Thread 0x000001c5c15be1d0 nmethod 6592 0x000001c5b94e0690 code [0x000001c5b94e0840, 0x000001c5b94e0a08]
Event: 57.407 Thread 0x000001c5c15be1d0 6593       1       java.lang.invoke.MethodHandleStatics::traceLambdaForm (96 bytes)
Event: 57.407 Thread 0x000001c5c15be1d0 nmethod 6593 0x000001c5b94e0090 code [0x000001c5b94e0220, 0x000001c5b94e02b8]

GC Heap History (20 events):
Event: 19.110 GC heap before
{Heap before GC invocations=11 (full 0):
 garbage-first heap   total 71680K, used 53541K [0x00000000c0000000, 0x0000000100000000)
  region size 1024K, 25 young (25600K), 1 survivors (1024K)
 Metaspace       used 43861K, committed 44224K, reserved 1114112K
  class space    used 5520K, committed 5696K, reserved 1048576K
}
Event: 19.118 GC heap after
{Heap after GC invocations=12 (full 0):
 garbage-first heap   total 71680K, used 32062K [0x00000000c0000000, 0x0000000100000000)
  region size 1024K, 3 young (3072K), 3 survivors (3072K)
 Metaspace       used 43861K, committed 44224K, reserved 1114112K
  class space    used 5520K, committed 5696K, reserved 1048576K
}
Event: 19.821 GC heap before
{Heap before GC invocations=12 (full 0):
 garbage-first heap   total 71680K, used 55614K [0x00000000c0000000, 0x0000000100000000)
  region size 1024K, 25 young (25600K), 3 survivors (3072K)
 Metaspace       used 47163K, committed 47680K, reserved 1114112K
  class space    used 5760K, committed 6016K, reserved 1048576K
}
Event: 19.829 GC heap after
{Heap after GC invocations=13 (full 0):
 garbage-first heap   total 71680K, used 38183K [0x00000000c0000000, 0x0000000100000000)
  region size 1024K, 4 young (4096K), 4 survivors (4096K)
 Metaspace       used 47163K, committed 47680K, reserved 1114112K
  class space    used 5760K, committed 6016K, reserved 1048576K
}
Event: 20.118 GC heap before
{Heap before GC invocations=13 (full 0):
 garbage-first heap   total 71680K, used 53543K [0x00000000c0000000, 0x0000000100000000)
  region size 1024K, 20 young (20480K), 4 survivors (4096K)
 Metaspace       used 50180K, committed 50624K, reserved 1114112K
  class space    used 6053K, committed 6272K, reserved 1048576K
}
Event: 20.124 GC heap after
{Heap after GC invocations=14 (full 0):
 garbage-first heap   total 86016K, used 40714K [0x00000000c0000000, 0x0000000100000000)
  region size 1024K, 3 young (3072K), 3 survivors (3072K)
 Metaspace       used 50180K, committed 50624K, reserved 1114112K
  class space    used 6053K, committed 6272K, reserved 1048576K
}
Event: 20.547 GC heap before
{Heap before GC invocations=15 (full 0):
 garbage-first heap   total 86016K, used 62218K [0x00000000c0000000, 0x0000000100000000)
  region size 1024K, 25 young (25600K), 3 survivors (3072K)
 Metaspace       used 53107K, committed 53632K, reserved 1114112K
  class space    used 6417K, committed 6656K, reserved 1048576K
}
Event: 20.552 GC heap after
{Heap after GC invocations=16 (full 0):
 garbage-first heap   total 86016K, used 42119K [0x00000000c0000000, 0x0000000100000000)
  region size 1024K, 2 young (2048K), 2 survivors (2048K)
 Metaspace       used 53107K, committed 53632K, reserved 1114112K
  class space    used 6417K, committed 6656K, reserved 1048576K
}
Event: 21.021 GC heap before
{Heap before GC invocations=16 (full 0):
 garbage-first heap   total 86016K, used 63623K [0x00000000c0000000, 0x0000000100000000)
  region size 1024K, 24 young (24576K), 2 survivors (2048K)
 Metaspace       used 57247K, committed 57792K, reserved 1114112K
  class space    used 6924K, committed 7168K, reserved 1048576K
}
Event: 21.027 GC heap after
{Heap after GC invocations=17 (full 0):
 garbage-first heap   total 86016K, used 44330K [0x00000000c0000000, 0x0000000100000000)
  region size 1024K, 3 young (3072K), 3 survivors (3072K)
 Metaspace       used 57247K, committed 57792K, reserved 1114112K
  class space    used 6924K, committed 7168K, reserved 1048576K
}
Event: 21.490 GC heap before
{Heap before GC invocations=18 (full 0):
 garbage-first heap   total 91136K, used 64810K [0x00000000c0000000, 0x0000000100000000)
  region size 1024K, 24 young (24576K), 3 survivors (3072K)
 Metaspace       used 58832K, committed 59328K, reserved 1114112K
  class space    used 7111K, committed 7360K, reserved 1048576K
}
Event: 21.499 GC heap after
{Heap after GC invocations=19 (full 0):
 garbage-first heap   total 91136K, used 47134K [0x00000000c0000000, 0x0000000100000000)
  region size 1024K, 3 young (3072K), 3 survivors (3072K)
 Metaspace       used 58832K, committed 59328K, reserved 1114112K
  class space    used 7111K, committed 7360K, reserved 1048576K
}
Event: 22.722 GC heap before
{Heap before GC invocations=19 (full 0):
 garbage-first heap   total 91136K, used 69662K [0x00000000c0000000, 0x0000000100000000)
  region size 1024K, 26 young (26624K), 3 survivors (3072K)
 Metaspace       used 60049K, committed 60544K, reserved 1114112K
  class space    used 7248K, committed 7488K, reserved 1048576K
}
Event: 22.728 GC heap after
{Heap after GC invocations=20 (full 0):
 garbage-first heap   total 91136K, used 50075K [0x00000000c0000000, 0x0000000100000000)
  region size 1024K, 4 young (4096K), 4 survivors (4096K)
 Metaspace       used 60049K, committed 60544K, reserved 1114112K
  class space    used 7248K, committed 7488K, reserved 1048576K
}
Event: 23.469 GC heap before
{Heap before GC invocations=21 (full 0):
 garbage-first heap   total 91136K, used 71579K [0x00000000c0000000, 0x0000000100000000)
  region size 1024K, 25 young (25600K), 4 survivors (4096K)
 Metaspace       used 61986K, committed 62464K, reserved 1114112K
  class space    used 7637K, committed 7872K, reserved 1048576K
}
Event: 23.475 GC heap after
{Heap after GC invocations=22 (full 0):
 garbage-first heap   total 91136K, used 52564K [0x00000000c0000000, 0x0000000100000000)
  region size 1024K, 3 young (3072K), 3 survivors (3072K)
 Metaspace       used 61986K, committed 62464K, reserved 1114112K
  class space    used 7637K, committed 7872K, reserved 1048576K
}
Event: 23.757 GC heap before
{Heap before GC invocations=22 (full 0):
 garbage-first heap   total 91136K, used 73044K [0x00000000c0000000, 0x0000000100000000)
  region size 1024K, 23 young (23552K), 3 survivors (3072K)
 Metaspace       used 62203K, committed 62720K, reserved 1114112K
  class space    used 7661K, committed 7936K, reserved 1048576K
}
Event: 23.762 GC heap after
{Heap after GC invocations=23 (full 0):
 garbage-first heap   total 91136K, used 54435K [0x00000000c0000000, 0x0000000100000000)
  region size 1024K, 2 young (2048K), 2 survivors (2048K)
 Metaspace       used 62203K, committed 62720K, reserved 1114112K
  class space    used 7661K, committed 7936K, reserved 1048576K
}
Event: 57.664 GC heap before
{Heap before GC invocations=24 (full 0):
 garbage-first heap   total 97280K, used 68771K [0x00000000c0000000, 0x0000000100000000)
  region size 1024K, 17 young (17408K), 2 survivors (2048K)
 Metaspace       used 62582K, committed 63104K, reserved 1114112K
  class space    used 7746K, committed 8000K, reserved 1048576K
}
Event: 57.709 GC heap after
{Heap after GC invocations=25 (full 1):
 garbage-first heap   total 97280K, used 45419K [0x00000000c0000000, 0x0000000100000000)
  region size 1024K, 0 young (0K), 0 survivors (0K)
 Metaspace       used 62582K, committed 63104K, reserved 1114112K
  class space    used 7746K, committed 8000K, reserved 1048576K
}

Dll operation events (10 events):
Event: 0.024 Loaded shared library c:\Users\User\.vscode\extensions\redhat.java-1.32.0-win32-x64\jre\17.0.11-win32-x86_64\bin\java.dll
Event: 0.716 Loaded shared library C:\Users\User\.vscode\extensions\redhat.java-1.32.0-win32-x64\jre\17.0.11-win32-x86_64\bin\net.dll
Event: 0.719 Loaded shared library C:\Users\User\.vscode\extensions\redhat.java-1.32.0-win32-x64\jre\17.0.11-win32-x86_64\bin\nio.dll
Event: 0.738 Loaded shared library C:\Users\User\.vscode\extensions\redhat.java-1.32.0-win32-x64\jre\17.0.11-win32-x86_64\bin\zip.dll
Event: 1.569 Loaded shared library C:\Users\User\.vscode\extensions\redhat.java-1.32.0-win32-x64\jre\17.0.11-win32-x86_64\bin\jimage.dll
Event: 4.910 Loaded shared library c:\Users\User\.vscode\extensions\redhat.java-1.32.0-win32-x64\jre\17.0.11-win32-x86_64\bin\verify.dll
Event: 17.460 Loaded shared library C:\Users\User\.vscode\extensions\redhat.java-1.32.0-win32-x64\jre\17.0.11-win32-x86_64\bin\management.dll
Event: 17.467 Loaded shared library C:\Users\User\.vscode\extensions\redhat.java-1.32.0-win32-x64\jre\17.0.11-win32-x86_64\bin\management_ext.dll
Event: 19.931 Loaded shared library C:\Users\User\.vscode\extensions\redhat.java-1.32.0-win32-x64\jre\17.0.11-win32-x86_64\bin\sunmscapi.dll
Event: 20.494 Loaded shared library C:\Users\User\.vscode\extensions\redhat.java-1.32.0-win32-x64\jre\17.0.11-win32-x86_64\bin\extnet.dll

Deoptimization events (20 events):
Event: 18.321 Thread 0x000001c5c16e1540 DEOPT PACKING pc=0x000001c5b9380c01 sp=0x00000086100fdff0
Event: 18.321 Thread 0x000001c5c16e1540 DEOPT UNPACKING pc=0x000001c5b8f27143 sp=0x00000086100fd480 mode 3
Event: 18.344 Thread 0x000001c5c752d930 DEOPT PACKING pc=0x000001c5b9363517 sp=0x00000086101fec60
Event: 18.345 Thread 0x000001c5c752d930 DEOPT UNPACKING pc=0x000001c5b8f27143 sp=0x00000086101fe0b8 mode 3
Event: 20.074 Thread 0x000001c5c76795a0 DEOPT PACKING pc=0x000001c5b90bd60c sp=0x00000086113fa980
Event: 20.074 Thread 0x000001c5c76795a0 DEOPT UNPACKING pc=0x000001c5b8f27143 sp=0x00000086113f9e48 mode 0
Event: 21.486 Thread 0x000001c5c754e3d0 DEOPT PACKING pc=0x000001c5b95f4224 sp=0x00000086109fed10
Event: 21.487 Thread 0x000001c5c754ca80 DEOPT PACKING pc=0x000001c5b95f4224 sp=0x0000008610dff1e0
Event: 21.487 Thread 0x000001c5c754ca80 DEOPT UNPACKING pc=0x000001c5b8f27143 sp=0x0000008610dfe6c8 mode 0
Event: 21.487 Thread 0x000001c5c754e3d0 DEOPT UNPACKING pc=0x000001c5b8f27143 sp=0x00000086109fe1f8 mode 0
Event: 22.244 Thread 0x000001c5c754c570 DEOPT PACKING pc=0x000001c5b935c052 sp=0x00000086106fe850
Event: 22.244 Thread 0x000001c5c754c570 DEOPT UNPACKING pc=0x000001c5b8f27143 sp=0x00000086106fdd58 mode 3
Event: 23.571 Thread 0x000001c5c754c570 DEOPT PACKING pc=0x000001c5b99120a6 sp=0x00000086106fe900
Event: 23.571 Thread 0x000001c5c754c570 DEOPT UNPACKING pc=0x000001c5b8f27143 sp=0x00000086106fde98 mode 0
Event: 24.323 Thread 0x000001c5c754c570 DEOPT PACKING pc=0x000001c5b9a68c8c sp=0x00000086106fe780
Event: 24.323 Thread 0x000001c5c754c570 DEOPT UNPACKING pc=0x000001c5b8f27143 sp=0x00000086106fdd00 mode 0
Event: 24.323 Thread 0x000001c5c754c570 DEOPT PACKING pc=0x000001c5b9a68c8c sp=0x00000086106fe9e0
Event: 24.323 Thread 0x000001c5c754c570 DEOPT UNPACKING pc=0x000001c5b8f27143 sp=0x00000086106fdf60 mode 0
Event: 24.333 Thread 0x000001c5c754c570 DEOPT PACKING pc=0x000001c5b9a68c8c sp=0x00000086106fee60
Event: 24.333 Thread 0x000001c5c754c570 DEOPT UNPACKING pc=0x000001c5b8f27143 sp=0x00000086106fe3e0 mode 0

Classes unloaded (0 events):
No events

Classes redefined (0 events):
No events

Internal exceptions (20 events):
Event: 20.921 Thread 0x000001c5c754cf90 Exception <a 'java/lang/NoSuchMethodError'{0x00000000c4437250}: 'java.lang.Object java.lang.invoke.DirectMethodHandle$Holder.newInvokeSpecial(java.lang.Object, java.lang.Object, int, java.lang.Object)'> (0x00000000c4437250) 
thrown [s\src\hotspot\share\interpreter\linkResolver.cpp, line 759]
Event: 20.922 Thread 0x000001c5c754cf90 Exception <a 'java/lang/NoSuchMethodError'{0x00000000c4471480}: 'java.lang.Object java.lang.invoke.Invokers$Holder.linkToTargetMethod(java.lang.Object, int, java.lang.Object, java.lang.Object)'> (0x00000000c4471480) 
thrown [s\src\hotspot\share\interpreter\linkResolver.cpp, line 759]
Event: 20.924 Thread 0x000001c5c754cf90 Exception <a 'java/lang/NoSuchMethodError'{0x00000000c4474e50}: 'void java.lang.invoke.DirectMethodHandle$Holder.invokeStatic(java.lang.Object, int, java.lang.Object)'> (0x00000000c4474e50) 
thrown [s\src\hotspot\share\interpreter\linkResolver.cpp, line 759]
Event: 20.970 Thread 0x000001c5c754cf90 Exception <a 'java/lang/NoSuchMethodError'{0x00000000c4281100}: 'int java.lang.invoke.DirectMethodHandle$Holder.invokeStatic(java.lang.Object, int, java.lang.Object)'> (0x00000000c4281100) 
thrown [s\src\hotspot\share\interpreter\linkResolver.cpp, line 759]
Event: 21.396 Thread 0x000001c5c754d9b0 Exception <a 'java/lang/NoSuchMethodError'{0x00000000c49e1200}: 'void java.lang.invoke.DirectMethodHandle$Holder.invokeStatic(java.lang.Object, java.lang.Object, java.lang.Object, java.lang.Object, java.lang.Object, java.lang.Object, java.lang.Object)'> (0x00000000c49e1200) 
thrown [s\src\hotspot\share\interpreter\linkResolver.cpp, line 759]
Event: 24.040 Thread 0x000001c5c754c570 Exception <a 'java/lang/ClassCastException'{0x00000000c5a699f0}> (0x00000000c5a699f0) 
thrown [s\src\hotspot\share\runtime\sharedRuntime.cpp, line 631]
Event: 24.478 Thread 0x000001c5c754c570 Exception <a 'sun/nio/fs/WindowsException'{0x00000000c5036d98}> (0x00000000c5036d98) 
thrown [s\src\hotspot\share\prims\jni.cpp, line 516]
Event: 24.478 Thread 0x000001c5c754c570 Exception <a 'sun/nio/fs/WindowsException'{0x00000000c50377f8}> (0x00000000c50377f8) 
thrown [s\src\hotspot\share\prims\jni.cpp, line 516]
Event: 24.478 Thread 0x000001c5c754c570 Exception <a 'sun/nio/fs/WindowsException'{0x00000000c5038228}> (0x00000000c5038228) 
thrown [s\src\hotspot\share\prims\jni.cpp, line 516]
Event: 24.479 Thread 0x000001c5c754c570 Exception <a 'sun/nio/fs/WindowsException'{0x00000000c5038c88}> (0x00000000c5038c88) 
thrown [s\src\hotspot\share\prims\jni.cpp, line 516]
Event: 24.479 Thread 0x000001c5c754c570 Exception <a 'sun/nio/fs/WindowsException'{0x00000000c50397d0}> (0x00000000c50397d0) 
thrown [s\src\hotspot\share\prims\jni.cpp, line 516]
Event: 24.479 Thread 0x000001c5c754c570 Exception <a 'sun/nio/fs/WindowsException'{0x00000000c503a388}> (0x00000000c503a388) 
thrown [s\src\hotspot\share\prims\jni.cpp, line 516]
Event: 24.482 Thread 0x000001c5c754c570 Exception <a 'sun/nio/fs/WindowsException'{0x00000000c50417c0}> (0x00000000c50417c0) 
thrown [s\src\hotspot\share\prims\jni.cpp, line 516]
Event: 24.482 Thread 0x000001c5c754c570 Exception <a 'sun/nio/fs/WindowsException'{0x00000000c5042220}> (0x00000000c5042220) 
thrown [s\src\hotspot\share\prims\jni.cpp, line 516]
Event: 24.482 Thread 0x000001c5c754c570 Exception <a 'sun/nio/fs/WindowsException'{0x00000000c5042c50}> (0x00000000c5042c50) 
thrown [s\src\hotspot\share\prims\jni.cpp, line 516]
Event: 24.482 Thread 0x000001c5c754c570 Exception <a 'sun/nio/fs/WindowsException'{0x00000000c50436b0}> (0x00000000c50436b0) 
thrown [s\src\hotspot\share\prims\jni.cpp, line 516]
Event: 24.482 Thread 0x000001c5c754c570 Exception <a 'sun/nio/fs/WindowsException'{0x00000000c50441f8}> (0x00000000c50441f8) 
thrown [s\src\hotspot\share\prims\jni.cpp, line 516]
Event: 24.482 Thread 0x000001c5c754c570 Exception <a 'sun/nio/fs/WindowsException'{0x00000000c5044db0}> (0x00000000c5044db0) 
thrown [s\src\hotspot\share\prims\jni.cpp, line 516]
Event: 57.407 Thread 0x000001c5c7469c50 Exception <a 'java/lang/NoSuchMethodError'{0x00000000c509dae8}: 'void java.lang.invoke.DirectMethodHandle$Holder.invokeStatic(java.lang.Object, long)'> (0x00000000c509dae8) 
thrown [s\src\hotspot\share\interpreter\linkResolver.cpp, line 759]
Event: 57.407 Thread 0x000001c5c7469c50 Exception <a 'java/lang/NoSuchMethodError'{0x00000000c50a2e98}: 'java.lang.Object java.lang.invoke.DirectMethodHandle$Holder.newInvokeSpecial(java.lang.Object, long)'> (0x00000000c50a2e98) 
thrown [s\src\hotspot\share\interpreter\linkResolver.cpp, line 759]

VM Operations (20 events):
Event: 23.571 Executing VM operation: HandshakeAllThreads done
Event: 23.756 Executing VM operation: G1CollectForAllocation
Event: 23.762 Executing VM operation: G1CollectForAllocation done
Event: 23.798 Executing VM operation: G1PauseRemark
Event: 23.803 Executing VM operation: G1PauseRemark done
Event: 23.821 Executing VM operation: G1PauseCleanup
Event: 23.821 Executing VM operation: G1PauseCleanup done
Event: 24.029 Executing VM operation: HandshakeAllThreads
Event: 24.029 Executing VM operation: HandshakeAllThreads done
Event: 24.322 Executing VM operation: HandshakeAllThreads
Event: 24.322 Executing VM operation: HandshakeAllThreads done
Event: 25.328 Executing VM operation: Cleanup
Event: 25.328 Executing VM operation: Cleanup done
Event: 57.410 Executing VM operation: HandshakeAllThreads
Event: 57.410 Executing VM operation: HandshakeAllThreads done
Event: 57.664 Executing VM operation: G1CollectFull
Event: 57.709 Executing VM operation: G1CollectFull done
Event: 60.121 Executing VM operation: HandshakeAllThreads
Event: 60.121 Executing VM operation: HandshakeAllThreads done
Event: 67.850 Executing VM operation: G1CollectFull

Events (20 events):
Event: 24.319 loading class jdk/internal/reflect/UnsafeQualifiedLongFieldAccessorImpl
Event: 24.319 loading class jdk/internal/reflect/UnsafeQualifiedLongFieldAccessorImpl done
Event: 24.385 loading class java/io/FileOutputStream$1
Event: 24.386 loading class java/io/FileOutputStream$1 done
Event: 24.410 loading class jdk/internal/reflect/UnsafeQualifiedBooleanFieldAccessorImpl
Event: 24.410 loading class jdk/internal/reflect/UnsafeQualifiedBooleanFieldAccessorImpl done
Event: 29.501 Thread 0x000001c5c79edb40 Thread exited: 0x000001c5c79edb40
Event: 29.501 Thread 0x000001c5c79ea350 Thread exited: 0x000001c5c79ea350
Event: 34.516 Thread 0x000001c5c7048db0 Thread exited: 0x000001c5c7048db0
Event: 37.176 Thread 0x000001c5c76795a0 Thread exited: 0x000001c5c76795a0
Event: 57.387 loading class java/lang/ProcessBuilder
Event: 57.388 loading class java/lang/ProcessBuilder done
Event: 57.388 loading class java/lang/ProcessImpl
Event: 57.389 loading class java/lang/ProcessImpl done
Event: 57.408 loading class java/lang/ProcessImpl$2
Event: 57.408 loading class java/lang/ProcessImpl$2 done
Event: 57.408 loading class java/lang/Process$PipeInputStream
Event: 57.408 loading class java/lang/Process$PipeInputStream done
Event: 57.410 loading class jdk/internal/event/ProcessStartEvent
Event: 57.410 loading class jdk/internal/event/ProcessStartEvent done


Dynamic libraries:
0x00007ff7df360000 - 0x00007ff7df36e000 	c:\Users\User\.vscode\extensions\redhat.java-1.32.0-win32-x64\jre\17.0.11-win32-x86_64\bin\java.exe
0x00007ffc46a90000 - 0x00007ffc46c88000 	C:\Windows\SYSTEM32\ntdll.dll
0x00007ffc45030000 - 0x00007ffc450f1000 	C:\Windows\System32\KERNEL32.DLL
0x00007ffc44420000 - 0x00007ffc44716000 	C:\Windows\System32\KERNELBASE.dll
0x00007ffc44320000 - 0x00007ffc44420000 	C:\Windows\System32\ucrtbase.dll
0x00007ffc3cf80000 - 0x00007ffc3cf97000 	c:\Users\User\.vscode\extensions\redhat.java-1.32.0-win32-x64\jre\17.0.11-win32-x86_64\bin\jli.dll
0x00007ffc3ea50000 - 0x00007ffc3ea6b000 	c:\Users\User\.vscode\extensions\redhat.java-1.32.0-win32-x64\jre\17.0.11-win32-x86_64\bin\VCRUNTIME140.dll
0x00007ffc45b50000 - 0x00007ffc45cef000 	C:\Windows\System32\USER32.dll
0x00007ffc2c9f0000 - 0x00007ffc2cc8a000 	C:\Windows\WinSxS\amd64_microsoft.windows.common-controls_6595b64144ccf1df_6.0.19041.4355_none_60b8b9eb71f62e16\COMCTL32.dll
0x00007ffc44140000 - 0x00007ffc44162000 	C:\Windows\System32\win32u.dll
0x00007ffc45cf0000 - 0x00007ffc45d1b000 	C:\Windows\System32\GDI32.dll
0x00007ffc45180000 - 0x00007ffc4521e000 	C:\Windows\System32\msvcrt.dll
0x00007ffc44880000 - 0x00007ffc44997000 	C:\Windows\System32\gdi32full.dll
0x00007ffc441f0000 - 0x00007ffc4428d000 	C:\Windows\System32\msvcp_win.dll
0x00007ffc44ff0000 - 0x00007ffc4501f000 	C:\Windows\System32\IMM32.DLL
0x00007ffc3ef60000 - 0x00007ffc3ef6c000 	c:\Users\User\.vscode\extensions\redhat.java-1.32.0-win32-x64\jre\17.0.11-win32-x86_64\bin\vcruntime140_1.dll
0x00007ffc1cf50000 - 0x00007ffc1cfdd000 	c:\Users\User\.vscode\extensions\redhat.java-1.32.0-win32-x64\jre\17.0.11-win32-x86_64\bin\msvcp140.dll
0x00007ffbff3d0000 - 0x00007ffc00032000 	c:\Users\User\.vscode\extensions\redhat.java-1.32.0-win32-x64\jre\17.0.11-win32-x86_64\bin\server\jvm.dll
0x00007ffc45d20000 - 0x00007ffc45dd0000 	C:\Windows\System32\ADVAPI32.dll
0x00007ffc45220000 - 0x00007ffc452c0000 	C:\Windows\System32\sechost.dll
0x00007ffc45dd0000 - 0x00007ffc45ef3000 	C:\Windows\System32\RPCRT4.dll
0x00007ffc44170000 - 0x00007ffc44197000 	C:\Windows\System32\bcrypt.dll
0x00007ffc3eef0000 - 0x00007ffc3eef9000 	C:\Windows\SYSTEM32\WSOCK32.dll
0x00007ffc43670000 - 0x00007ffc436bb000 	C:\Windows\SYSTEM32\POWRPROF.dll
0x00007ffc37c70000 - 0x00007ffc37c97000 	C:\Windows\SYSTEM32\WINMM.dll
0x00007ffc39d60000 - 0x00007ffc39d6a000 	C:\Windows\SYSTEM32\VERSION.dll
0x00007ffc45ae0000 - 0x00007ffc45b4b000 	C:\Windows\System32\WS2_32.dll
0x00007ffc43510000 - 0x00007ffc43522000 	C:\Windows\SYSTEM32\UMPDC.dll
0x00007ffc42910000 - 0x00007ffc42922000 	C:\Windows\SYSTEM32\kernel.appcore.dll
0x00007ffc3e7e0000 - 0x00007ffc3e7ea000 	c:\Users\User\.vscode\extensions\redhat.java-1.32.0-win32-x64\jre\17.0.11-win32-x86_64\bin\jimage.dll
0x00007ffc41c00000 - 0x00007ffc41de4000 	C:\Windows\SYSTEM32\DBGHELP.DLL
0x00007ffc27100000 - 0x00007ffc27134000 	C:\Windows\SYSTEM32\dbgcore.DLL
0x00007ffc44290000 - 0x00007ffc44312000 	C:\Windows\System32\bcryptPrimitives.dll
0x00007ffc35a50000 - 0x00007ffc35a75000 	c:\Users\User\.vscode\extensions\redhat.java-1.32.0-win32-x64\jre\17.0.11-win32-x86_64\bin\java.dll
0x00007ffc35af0000 - 0x00007ffc35b08000 	c:\Users\User\.vscode\extensions\redhat.java-1.32.0-win32-x64\jre\17.0.11-win32-x86_64\bin\zip.dll
0x00007ffc452c0000 - 0x00007ffc45a2c000 	C:\Windows\System32\SHELL32.dll
0x00007ffc42160000 - 0x00007ffc428fe000 	C:\Windows\SYSTEM32\windows.storage.dll
0x00007ffc46200000 - 0x00007ffc46553000 	C:\Windows\System32\combase.dll
0x00007ffc43b60000 - 0x00007ffc43b8e000 	C:\Windows\SYSTEM32\Wldp.dll
0x00007ffc45f00000 - 0x00007ffc45fcd000 	C:\Windows\System32\OLEAUT32.dll
0x00007ffc45a30000 - 0x00007ffc45add000 	C:\Windows\System32\SHCORE.dll
0x00007ffc44f90000 - 0x00007ffc44fe5000 	C:\Windows\System32\shlwapi.dll
0x00007ffc44070000 - 0x00007ffc44094000 	C:\Windows\SYSTEM32\profapi.dll
0x00007ffc35a30000 - 0x00007ffc35a49000 	C:\Users\User\.vscode\extensions\redhat.java-1.32.0-win32-x64\jre\17.0.11-win32-x86_64\bin\net.dll
0x00007ffc3af50000 - 0x00007ffc3b05a000 	C:\Windows\SYSTEM32\WINHTTP.dll
0x00007ffc438c0000 - 0x00007ffc4392a000 	C:\Windows\system32\mswsock.dll
0x00007ffc35350000 - 0x00007ffc35366000 	C:\Users\User\.vscode\extensions\redhat.java-1.32.0-win32-x64\jre\17.0.11-win32-x86_64\bin\nio.dll
0x00007ffc38ca0000 - 0x00007ffc38cb0000 	c:\Users\User\.vscode\extensions\redhat.java-1.32.0-win32-x64\jre\17.0.11-win32-x86_64\bin\verify.dll
0x00007ffc43ab0000 - 0x00007ffc43ac8000 	C:\Windows\SYSTEM32\CRYPTSP.dll
0x00007ffc43140000 - 0x00007ffc43174000 	C:\Windows\system32\rsaenh.dll
0x00007ffc43fe0000 - 0x00007ffc4400e000 	C:\Windows\SYSTEM32\USERENV.dll
0x00007ffc43ad0000 - 0x00007ffc43adc000 	C:\Windows\SYSTEM32\CRYPTBASE.dll
0x00007ffc43550000 - 0x00007ffc4358b000 	C:\Windows\SYSTEM32\IPHLPAPI.DLL
0x00007ffc460c0000 - 0x00007ffc460c8000 	C:\Windows\System32\NSI.dll
0x00007ffc3e870000 - 0x00007ffc3e887000 	C:\Windows\SYSTEM32\dhcpcsvc6.DLL
0x00007ffc3e7c0000 - 0x00007ffc3e7dd000 	C:\Windows\SYSTEM32\dhcpcsvc.DLL
0x00007ffc435a0000 - 0x00007ffc4366a000 	C:\Windows\SYSTEM32\DNSAPI.dll
0x00007ffc35ad0000 - 0x00007ffc35ad9000 	C:\Users\User\.vscode\extensions\redhat.java-1.32.0-win32-x64\jre\17.0.11-win32-x86_64\bin\management.dll
0x00007ffc35aa0000 - 0x00007ffc35aab000 	C:\Users\User\.vscode\extensions\redhat.java-1.32.0-win32-x64\jre\17.0.11-win32-x86_64\bin\management_ext.dll
0x00007ffc460d0000 - 0x00007ffc460d8000 	C:\Windows\System32\PSAPI.DLL
0x00007ffc35c00000 - 0x00007ffc35c0e000 	C:\Users\User\.vscode\extensions\redhat.java-1.32.0-win32-x64\jre\17.0.11-win32-x86_64\bin\sunmscapi.dll
0x00007ffc44720000 - 0x00007ffc4487e000 	C:\Windows\System32\CRYPT32.dll
0x00007ffc43bd0000 - 0x00007ffc43bf9000 	C:\Windows\SYSTEM32\ncrypt.dll
0x00007ffc43b90000 - 0x00007ffc43bcb000 	C:\Windows\SYSTEM32\NTASN1.dll
0x00007ffc3e7b0000 - 0x00007ffc3e7ba000 	C:\Windows\System32\rasadhlp.dll
0x00007ffc34160000 - 0x00007ffc341e0000 	C:\Windows\System32\fwpuclnt.dll
0x00007ffc35ba0000 - 0x00007ffc35ba9000 	C:\Users\User\.vscode\extensions\redhat.java-1.32.0-win32-x64\jre\17.0.11-win32-x86_64\bin\extnet.dll

dbghelp: loaded successfully - version: 4.0.5 - missing functions: none
symbol engine: initialized successfully - sym options: 0x614 - pdb path: .;c:\Users\User\.vscode\extensions\redhat.java-1.32.0-win32-x64\jre\17.0.11-win32-x86_64\bin;C:\Windows\SYSTEM32;C:\Windows\WinSxS\amd64_microsoft.windows.common-controls_6595b64144ccf1df_6.0.19041.4355_none_60b8b9eb71f62e16;c:\Users\User\.vscode\extensions\redhat.java-1.32.0-win32-x64\jre\17.0.11-win32-x86_64\bin\server

VM Arguments:
jvm_args: -Xmx1024m -Dsts.lsp.client=vscode -Dsts.log.file=/dev/null -XX:TieredStopAtLevel=1 -Xlog:jni+resolve=off -Dspring.config.location=file:c:\Users\User\.vscode\extensions\vmware.vscode-spring-boot-1.56.0\language-server\BOOT-INF\classes\application.properties 
java_command: org.springframework.ide.vscode.boot.app.BootLanguageServerBootApp
java_class_path (initial): c:\Users\User\.vscode\extensions\vmware.vscode-spring-boot-1.56.0\language-server\BOOT-INF\classes;c:\Users\User\.vscode\extensions\vmware.vscode-spring-boot-1.56.0\language-server\BOOT-INF\lib\annotations-24.1.0.jar;c:\Users\User\.vscode\extensions\vmware.vscode-spring-boot-1.56.0\language-server\BOOT-INF\lib\antlr4-runtime-4.13.1.jar;c:\Users\User\.vscode\extensions\vmware.vscode-spring-boot-1.56.0\language-server\BOOT-INF\lib\asm-9.7.jar;c:\Users\User\.vscode\extensions\vmware.vscode-spring-boot-1.56.0\language-server\BOOT-INF\lib\asm-analysis-9.7.jar;c:\Users\User\.vscode\extensions\vmware.vscode-spring-boot-1.56.0\language-server\BOOT-INF\lib\asm-tree-9.7.jar;c:\Users\User\.vscode\extensions\vmware.vscode-spring-boot-1.56.0\language-server\BOOT-INF\lib\asm-util-9.7.jar;c:\Users\User\.vscode\extensions\vmware.vscode-spring-boot-1.56.0\language-server\BOOT-INF\lib\caffeine-3.1.8.jar;c:\Users\User\.vscode\extensions\vmware.vscode-spring-boot-1.56.0\language-server\BOOT-INF\lib\checker-qual-3.12.0.jar;c:\Users\User\.vscode\extensions\vmware.vscode-spring-boot-1.56.0\language-server\BOOT-INF\lib\classgraph-4.8.149.jar;c:\Users\User\.vscode\extensions\vmware.vscode-spring-boot-1.56.0\language-server\BOOT-INF\lib\commons-codec-1.16.1.jar;c:\Users\User\.vscode\extensions\vmware.vscode-spring-boot-1.56.0\language-server\BOOT-INF\lib\commons-compress-1.26.2.jar;c:\Users\User\.vscode\extensions\vmware.vscode-spring-boot-1.56.0\language-server\BOOT-INF\lib\commons-io-2.16.1.jar;c:\Users\User\.vscode\extensions\vmware.vscode-spring-boot-1.56.0\language-server\BOOT-INF\lib\commons-java-1.56.0-SNAPSHOT.jar;c:\Users\User\.vscode\extensions\vmware.vscode-spring-boot-1.56.0\language-server\BOOT-INF\lib\commons-lang3-3.14.0.jar;c:\Users\User\.vscode\extensions\vmware.vscode-spring-boot-1.56.0\language-server\BOOT-INF\lib\commons-language-server-1.56.0-SNAPSHOT.jar;c:\Users\User\.vscode\extensions\vmware.vscode-spring-boot-1.56.0\language-server\BOOT-I
Launcher Type: SUN_STANDARD

[Global flags]
     intx CICompilerCount                          = 4                                         {product} {ergonomic}
     uint ConcGCThreads                            = 3                                         {product} {ergonomic}
     uint G1ConcRefinementThreads                  = 10                                        {product} {ergonomic}
   size_t G1HeapRegionSize                         = 1048576                                   {product} {ergonomic}
    uintx GCDrainStackTargetSize                   = 64                                        {product} {ergonomic}
   size_t InitialHeapSize                          = 125829120                                 {product} {ergonomic}
   size_t MarkStackSize                            = 4194304                                   {product} {ergonomic}
   size_t MaxHeapSize                              = 1073741824                                {product} {command line}
   size_t MaxNewSize                               = 643825664                                 {product} {ergonomic}
   size_t MinHeapDeltaBytes                        = 1048576                                   {product} {ergonomic}
   size_t MinHeapSize                              = 8388608                                   {product} {ergonomic}
    uintx NonProfiledCodeHeapSize                  = 0                                      {pd product} {ergonomic}
     bool ProfileInterpreter                       = false                                  {pd product} {command line}
    uintx ProfiledCodeHeapSize                     = 0                                      {pd product} {ergonomic}
   size_t SoftMaxHeapSize                          = 1073741824                             {manageable} {ergonomic}
     intx TieredStopAtLevel                        = 1                                         {product} {command line}
     bool UseCompressedClassPointers               = true                           {product lp64_product} {ergonomic}
     bool UseCompressedOops                        = true                           {product lp64_product} {ergonomic}
     bool UseG1GC                                  = true                                      {product} {ergonomic}
     bool UseLargePagesIndividualAllocation        = false                                  {pd product} {ergonomic}

Logging:
Log output configuration:
 #0: stdout all=warning,jni+resolve=off uptime,level,tags
 #1: stderr all=off uptime,level,tags

Environment Variables:
JAVA_HOME=C:\Program Files\Java\jdk-22
PATH=C:\Program Files\Common Files\Oracle\Java\javapath;C:\Program Files (x86)\Common Files\Oracle\Java\java8path;C:\Program Files (x86)\Common Files\Oracle\Java\javapath;C:\Windows\system32;C:\Windows;C:\Windows\System32\Wbem;C:\Windows\System32\WindowsPowerShell\v1.0\;C:\Windows\System32\OpenSSH\;C:\Program Files\Java\jdk1.8.0_311\bin;C:\Program Files\PuTTY\;C:\Program Files\Git\cmd;C:\Program Files\nodejs\;D:\apache-maven-3.9.6-bin\apache-maven-3.9.6\bin;C:\Program Files\Java\jdk-22\bin;C:\Users\User\AppData\Local\Microsoft\WindowsApps;C:\Users\User\AppData\Local\Coursier\data\bin;C:\Users\User\AppData\Local\Programs\Microsoft VS Code\bin;C:\Program Files\JetBrains\IntelliJ IDEA Community Edition 2023.1.2\bin;;C:\Users\User\AppData\Roaming\npm;C:\Users\User\AppData\Local\GitHubDesktop\bin
USERNAME=User
OS=Windows_NT
PROCESSOR_IDENTIFIER=AMD64 Family 23 Model 104 Stepping 1, AuthenticAMD
TMP=C:\Users\User\AppData\Local\Temp
TEMP=C:\Users\User\AppData\Local\Temp



Periodic native trim disabled


---------------  S Y S T E M  ---------------

OS:
 Windows 10 , 64 bit Build 19041 (10.0.19041.4597)
OS uptime: 11 days 11:54 hours
Hyper-V role detected

CPU: total 12 (initial active 12) (12 cores per cpu, 2 threads per core) family 23 model 104 stepping 1 microcode 0x0, cx8, cmov, fxsr, ht, mmx, 3dnowpref, sse, sse2, sse3, ssse3, sse4a, sse4.1, sse4.2, popcnt, lzcnt, tsc, tscinvbit, avx, avx2, aes, clmul, bmi1, bmi2, adx, sha, fma, vzeroupper, clflush, clflushopt, hv
Processor Information for all 12 processors :
  Max Mhz: 2100, Current Mhz: 1877, Mhz Limit: 2100

Memory: 4k page, system-wide physical 7563M (640M free)
TotalPageFile size 31115M (AvailPageFile size 12M)
current process WorkingSet (physical memory assigned to process): 231M, peak: 235M
current process commit charge ("private bytes"): 275M, peak: 292M

vm_info: OpenJDK 64-Bit Server VM (17.0.11+9) for windows-amd64 JRE (17.0.11+9), built on Apr 17 2024 06:07:48 by "admin" with MS VC++ 16.10 / 16.11 (VS2019)

END.
