#
# There is insufficient memory for the Java Runtime Environment to continue.
# Native memory allocation (malloc) failed to allocate 2097152 bytes. Error detail: AllocateHeap
# Possible reasons:
#   The system is out of physical RAM or swap space
#   This process is running with CompressedOops enabled, and the Java Heap may be blocking the growth of the native heap
# Possible solutions:
#   Reduce memory load on the system
#   Increase physical memory or swap space
#   Check if swap backing store is full
#   Decrease Java heap size (-Xmx/-Xms)
#   Decrease number of Java threads
#   Decrease Java thread stack sizes (-Xss)
#   Set larger code cache with -XX:ReservedCodeCacheSize=
#   JVM is running with Unscaled Compressed Oops mode in which the Java heap is
#     placed in the first 4GB address space. The Java Heap base address is the
#     maximum limit for the native heap growth. Please use -XX:HeapBaseMinAddress
#     to set the Java Heap base and to place the Java Heap above 4GB virtual address.
# This output file may be truncated or incomplete.
#
#  Out of Memory Error (allocation.cpp:44), pid=13372, tid=10408
#
# JRE version: OpenJDK Runtime Environment Temurin-17.0.11+9 (17.0.11+9) (build 17.0.11+9)
# Java VM: OpenJDK 64-Bit Server VM Temurin-17.0.11+9 (17.0.11+9, mixed mode, emulated-client, tiered, compressed oops, compressed class ptrs, g1 gc, windows-amd64)
# No core dump will be written. Minidumps are not enabled by default on client versions of Windows
#

---------------  S U M M A R Y ------------

Command Line: -Xmx1024m -Dsts.lsp.client=vscode -Dsts.log.file=/dev/null -XX:TieredStopAtLevel=1 -Xlog:jni+resolve=off -Dspring.config.location=file:c:\Users\user\.vscode\extensions\vmware.vscode-spring-boot-1.56.0\language-server\BOOT-INF\classes\application.properties org.springframework.ide.vscode.boot.app.BootLanguageServerBootApp

Host: Intel(R) Core(TM) i5-6300U CPU @ 2.40GHz, 4 cores, 15G,  Windows 10 , 64 bit Build 19041 (10.0.19041.4717)
Time: Thu Aug 22 20:30:14 2024 Sri Lanka Standard Time elapsed time: 3683.130677 seconds (0d 1h 1m 23s)

---------------  T H R E A D  ---------------

Current thread (0x00000238c10fcda0):  VMThread "VM Thread" [stack: 0x000000d52b300000,0x000000d52b400000] [id=10408]

Stack: [0x000000d52b300000,0x000000d52b400000]
Native frames: (J=compiled Java code, j=interpreted, Vv=VM code, C=native code)
V  [jvm.dll+0x67d429]
V  [jvm.dll+0x834b7a]
V  [jvm.dll+0x83663e]
V  [jvm.dll+0x836ca3]
V  [jvm.dll+0x247dbf]
V  [jvm.dll+0xa6cb3]
V  [jvm.dll+0x2f8b61]
V  [jvm.dll+0x2f4750]
V  [jvm.dll+0x2dcf67]
V  [jvm.dll+0x31fb67]
V  [jvm.dll+0x83b19b]
V  [jvm.dll+0x83bed2]
V  [jvm.dll+0x83c3ed]
V  [jvm.dll+0x83c7c4]
V  [jvm.dll+0x83c890]
V  [jvm.dll+0x7e410a]
V  [jvm.dll+0x67c315]
C  [ucrtbase.dll+0x21bb2]
C  [KERNEL32.DLL+0x17374]
C  [ntdll.dll+0x4cc91]

VM_Operation (0x000000d52c5fee20): G1CollectFull, mode: safepoint, requested by thread 0x00000238c6b4cc80


---------------  P R O C E S S  ---------------

Threads class SMR info:
_java_thread_list=0x00000238c68b9ee0, length=23, elements={
0x00000238c11092d0, 0x00000238c110a150, 0x00000238c1153010, 0x00000238c1153da0,
0x00000238c1157b80, 0x00000238c1158540, 0x00000238c1158fb0, 0x00000238c117e3b0,
0x00000238c1358730, 0x00000238c1367090, 0x00000238c6a28fc0, 0x00000238c6b4cc80,
0x00000238c6ac9430, 0x00000238b493d800, 0x00000238c68f2a80, 0x00000238c6dbd520,
0x00000238c69d2870, 0x00000238c6b2d670, 0x00000238c6b2eab0, 0x00000238c6b2db80,
0x00000238c6b2b300, 0x00000238c6b2b810, 0x00000238c6b2e5a0
}

Java Threads: ( => current thread )
  0x00000238c11092d0 JavaThread "Reference Handler" daemon [_thread_blocked, id=12256, stack(0x000000d52b400000,0x000000d52b500000)]
  0x00000238c110a150 JavaThread "Finalizer" daemon [_thread_blocked, id=12416, stack(0x000000d52b500000,0x000000d52b600000)]
  0x00000238c1153010 JavaThread "Signal Dispatcher" daemon [_thread_blocked, id=12852, stack(0x000000d52b600000,0x000000d52b700000)]
  0x00000238c1153da0 JavaThread "Attach Listener" daemon [_thread_blocked, id=20424, stack(0x000000d52b700000,0x000000d52b800000)]
  0x00000238c1157b80 JavaThread "Service Thread" daemon [_thread_blocked, id=6264, stack(0x000000d52b800000,0x000000d52b900000)]
  0x00000238c1158540 JavaThread "Monitor Deflation Thread" daemon [_thread_blocked, id=21136, stack(0x000000d52b900000,0x000000d52ba00000)]
  0x00000238c1158fb0 JavaThread "C1 CompilerThread0" daemon [_thread_blocked, id=14884, stack(0x000000d52ba00000,0x000000d52bb00000)]
  0x00000238c117e3b0 JavaThread "Sweeper thread" daemon [_thread_blocked, id=12492, stack(0x000000d52bb00000,0x000000d52bc00000)]
  0x00000238c1358730 JavaThread "Notification Thread" daemon [_thread_blocked, id=21332, stack(0x000000d52bd00000,0x000000d52be00000)]
  0x00000238c1367090 JavaThread "Common-Cleaner" daemon [_thread_blocked, id=10472, stack(0x000000d52bf00000,0x000000d52c000000)]
  0x00000238c6a28fc0 JavaThread "boundedElastic-evictor-1" daemon [_thread_blocked, id=21652, stack(0x000000d52c300000,0x000000d52c400000)]
  0x00000238c6b4cc80 JavaThread "pool-13-thread-1" [_thread_blocked, id=19588, stack(0x000000d52c500000,0x000000d52c600000)]
  0x00000238c6ac9430 JavaThread "LanguageServerApp-lifecycle" [_thread_blocked, id=22252, stack(0x000000d52c600000,0x000000d52c700000)]
  0x00000238b493d800 JavaThread "DestroyJavaVM" [_thread_blocked, id=7052, stack(0x000000d52ad00000,0x000000d52ae00000)]
  0x00000238c68f2a80 JavaThread "pool-14-thread-1" [_thread_in_native, id=20384, stack(0x000000d52c700000,0x000000d52c800000)]
  0x00000238c6dbd520 JavaThread "Simple-Language-Server main thread" daemon [_thread_blocked, id=8216, stack(0x000000d52c800000,0x000000d52c900000)]
  0x00000238c69d2870 JavaThread "pool-8-thread-1" [_thread_blocked, id=18876, stack(0x000000d52c900000,0x000000d52ca00000)]
  0x00000238c6b2d670 JavaThread "parallel-1" daemon [_thread_blocked, id=15496, stack(0x000000d52ca00000,0x000000d52cb00000)]
  0x00000238c6b2eab0 JavaThread "parallel-2" daemon [_thread_blocked, id=23484, stack(0x000000d52cb00000,0x000000d52cc00000)]
  0x00000238c6b2db80 JavaThread "parallel-3" daemon [_thread_blocked, id=21952, stack(0x000000d52cc00000,0x000000d52cd00000)]
  0x00000238c6b2b300 JavaThread "parallel-4" daemon [_thread_blocked, id=10552, stack(0x000000d52cd00000,0x000000d52ce00000)]
  0x00000238c6b2b810 JavaThread "pool-6-thread-1" [_thread_blocked, id=6332, stack(0x000000d52ce00000,0x000000d52cf00000)]
  0x00000238c6b2e5a0 JavaThread "Reconciler-1" daemon [_thread_blocked, id=19632, stack(0x000000d52d100000,0x000000d52d200000)]

Other Threads:
=>0x00000238c10fcda0 VMThread "VM Thread" [stack: 0x000000d52b300000,0x000000d52b400000] [id=10408]
  0x00000238c1358c10 WatcherThread [stack: 0x000000d52be00000,0x000000d52bf00000] [id=6812]
  0x00000238b6b854b0 GCTaskThread "GC Thread#0" [stack: 0x000000d52ae00000,0x000000d52af00000] [id=20816]
  0x00000238c1ad4670 GCTaskThread "GC Thread#1" [stack: 0x000000d52c000000,0x000000d52c100000] [id=23420]
  0x00000238c1ad4930 GCTaskThread "GC Thread#2" [stack: 0x000000d52c100000,0x000000d52c200000] [id=13524]
  0x00000238c1ad4bf0 GCTaskThread "GC Thread#3" [stack: 0x000000d52c200000,0x000000d52c300000] [id=10732]
  0x00000238b6b8e400 ConcurrentGCThread "G1 Main Marker" [stack: 0x000000d52af00000,0x000000d52b000000] [id=5564]
  0x00000238b6b8ee20 ConcurrentGCThread "G1 Conc#0" [stack: 0x000000d52b000000,0x000000d52b100000] [id=260]
  0x00000238b6bfe860 ConcurrentGCThread "G1 Refine#0" [stack: 0x000000d52b100000,0x000000d52b200000] [id=960]
  0x00000238c0f6a460 ConcurrentGCThread "G1 Service" [stack: 0x000000d52b200000,0x000000d52b300000] [id=5928]

Threads with active compile tasks:

VM state: at safepoint (normal execution)

VM Mutex/Monitor currently owned by a thread:  ([mutex/lock_event])
[0x00000238b487a030] Threads_lock - owner thread: 0x00000238c10fcda0
[0x00000238b493b730] Heap_lock - owner thread: 0x00000238c6b4cc80

Heap address: 0x00000000c0000000, size: 1024 MB, Compressed Oops mode: 32-bit

CDS archive(s) not mapped
Compressed class space mapped at: 0x0000000100000000-0x0000000140000000, reserved size: 1073741824
Narrow klass base: 0x0000000000000000, Narrow klass shift: 3, Narrow klass range: 0x140000000

GC Precious Log:
 CPUs: 4 total, 4 available
 Memory: 16264M
 Large Page Support: Disabled
 NUMA Support: Disabled
 Compressed Oops: Enabled (32-bit)
 Heap Region Size: 1M
 Heap Min Capacity: 8M
 Heap Initial Capacity: 256M
 Heap Max Capacity: 1G
 Pre-touch: Disabled
 Parallel Workers: 4
 Concurrent Workers: 1
 Concurrent Refinement Workers: 4
 Periodic GC: Disabled

Heap:
 garbage-first heap   total 78848K, used 25460K [0x00000000c0000000, 0x0000000100000000)
  region size 1024K, 1 young (1024K), 0 survivors (0K)
 Metaspace       used 41640K, committed 42176K, reserved 1114112K
  class space    used 5339K, committed 5568K, reserved 1048576K

Heap Regions: E=young(eden), S=young(survivor), O=old, HS=humongous(starts), HC=humongous(continues), CS=collection set, F=free, OA=open archive, CA=closed archive, TAMS=top-at-mark-start (previous, next)
|   0|0x00000000c0000000, 0x00000000c0100000, 0x00000000c0100000|100%|HS|  |TAMS 0x00000000c0100000, 0x00000000c0000000| Untracked 
|   1|0x00000000c0100000, 0x00000000c0200000, 0x00000000c0200000|100%|HC|  |TAMS 0x00000000c0200000, 0x00000000c0100000| Untracked 
|   2|0x00000000c0200000, 0x00000000c0300000, 0x00000000c0300000|100%|HC|  |TAMS 0x00000000c0300000, 0x00000000c0200000| Untracked 
|   3|0x00000000c0300000, 0x00000000c0400000, 0x00000000c0400000|100%|HC|  |TAMS 0x00000000c0400000, 0x00000000c0300000| Untracked 
|   4|0x00000000c0400000, 0x00000000c04fbe98, 0x00000000c0500000| 98%| O|  |TAMS 0x00000000c04fbe98, 0x00000000c0400000| Untracked 
|   5|0x00000000c0500000, 0x00000000c05fffe8, 0x00000000c0600000| 99%| O|  |TAMS 0x00000000c05fffe8, 0x00000000c0500000| Untracked 
|   6|0x00000000c0600000, 0x00000000c06fffe0, 0x00000000c0700000| 99%| O|  |TAMS 0x00000000c06fffe0, 0x00000000c0600000| Untracked 
|   7|0x00000000c0700000, 0x00000000c0800000, 0x00000000c0800000|100%| O|  |TAMS 0x00000000c0800000, 0x00000000c0700000| Untracked 
|   8|0x00000000c0800000, 0x00000000c0900000, 0x00000000c0900000|100%| O|  |TAMS 0x00000000c0900000, 0x00000000c0800000| Untracked 
|   9|0x00000000c0900000, 0x00000000c0a00000, 0x00000000c0a00000|100%| O|  |TAMS 0x00000000c0a00000, 0x00000000c0900000| Untracked 
|  10|0x00000000c0a00000, 0x00000000c0b00000, 0x00000000c0b00000|100%|HS|  |TAMS 0x00000000c0b00000, 0x00000000c0a00000| Untracked 
|  11|0x00000000c0b00000, 0x00000000c0c00000, 0x00000000c0c00000|100%|HC|  |TAMS 0x00000000c0c00000, 0x00000000c0b00000| Untracked 
|  12|0x00000000c0c00000, 0x00000000c0d00000, 0x00000000c0d00000|100%| O|  |TAMS 0x00000000c0d00000, 0x00000000c0c00000| Untracked 
|  13|0x00000000c0d00000, 0x00000000c0dfffe8, 0x00000000c0e00000| 99%| O|  |TAMS 0x00000000c0dfffe8, 0x00000000c0d00000| Untracked 
|  14|0x00000000c0e00000, 0x00000000c0efffa0, 0x00000000c0f00000| 99%| O|  |TAMS 0x00000000c0efffa0, 0x00000000c0e00000| Untracked 
|  15|0x00000000c0f00000, 0x00000000c0ffffe8, 0x00000000c1000000| 99%| O|  |TAMS 0x00000000c0ffffe8, 0x00000000c0f00000| Untracked 
|  16|0x00000000c1000000, 0x00000000c10fffe0, 0x00000000c1100000| 99%| O|  |TAMS 0x00000000c10fffe0, 0x00000000c1000000| Untracked 
|  17|0x00000000c1100000, 0x00000000c11fa2f8, 0x00000000c1200000| 97%| O|  |TAMS 0x00000000c11fa2f8, 0x00000000c1100000| Untracked 
|  18|0x00000000c1200000, 0x00000000c12ffff8, 0x00000000c1300000| 99%| O|  |TAMS 0x00000000c12ffff8, 0x00000000c1200000| Untracked 
|  19|0x00000000c1300000, 0x00000000c1400000, 0x00000000c1400000|100%| O|  |TAMS 0x00000000c1400000, 0x00000000c1300000| Untracked 
|  20|0x00000000c1400000, 0x00000000c14fc538, 0x00000000c1500000| 98%| O|  |TAMS 0x00000000c14fc538, 0x00000000c1400000| Untracked 
|  21|0x00000000c1500000, 0x00000000c15ffff8, 0x00000000c1600000| 99%| O|  |TAMS 0x00000000c15ffff8, 0x00000000c1500000| Untracked 
|  22|0x00000000c1600000, 0x00000000c1700000, 0x00000000c1700000|100%| O|  |TAMS 0x00000000c1700000, 0x00000000c1600000| Untracked 
|  23|0x00000000c1700000, 0x00000000c17fffd0, 0x00000000c1800000| 99%| O|  |TAMS 0x00000000c17fffd0, 0x00000000c1700000| Untracked 
|  24|0x00000000c1800000, 0x00000000c18e4c68, 0x00000000c1900000| 89%| O|  |TAMS 0x00000000c1800000, 0x00000000c1800000| Untracked 
|  25|0x00000000c1900000, 0x00000000c1905f00, 0x00000000c1a00000|  2%| O|  |TAMS 0x00000000c1900000, 0x00000000c1900000| Untracked 
|  26|0x00000000c1a00000, 0x00000000c1a00000, 0x00000000c1b00000|  0%| F|  |TAMS 0x00000000c1a00000, 0x00000000c1a00000| Untracked 
|  27|0x00000000c1b00000, 0x00000000c1b00000, 0x00000000c1c00000|  0%| F|  |TAMS 0x00000000c1b00000, 0x00000000c1b00000| Untracked 
|  28|0x00000000c1c00000, 0x00000000c1c00000, 0x00000000c1d00000|  0%| F|  |TAMS 0x00000000c1c00000, 0x00000000c1c00000| Untracked 
|  29|0x00000000c1d00000, 0x00000000c1d00000, 0x00000000c1e00000|  0%| F|  |TAMS 0x00000000c1d00000, 0x00000000c1d00000| Untracked 
|  30|0x00000000c1e00000, 0x00000000c1e00000, 0x00000000c1f00000|  0%| F|  |TAMS 0x00000000c1e00000, 0x00000000c1e00000| Untracked 
|  31|0x00000000c1f00000, 0x00000000c1f00000, 0x00000000c2000000|  0%| F|  |TAMS 0x00000000c1f00000, 0x00000000c1f00000| Untracked 
|  32|0x00000000c2000000, 0x00000000c2000000, 0x00000000c2100000|  0%| F|  |TAMS 0x00000000c2000000, 0x00000000c2000000| Untracked 
|  33|0x00000000c2100000, 0x00000000c2100000, 0x00000000c2200000|  0%| F|  |TAMS 0x00000000c2100000, 0x00000000c2100000| Untracked 
|  34|0x00000000c2200000, 0x00000000c2200000, 0x00000000c2300000|  0%| F|  |TAMS 0x00000000c2200000, 0x00000000c2200000| Untracked 
|  35|0x00000000c2300000, 0x00000000c2300000, 0x00000000c2400000|  0%| F|  |TAMS 0x00000000c2300000, 0x00000000c2300000| Untracked 
|  36|0x00000000c2400000, 0x00000000c2400000, 0x00000000c2500000|  0%| F|  |TAMS 0x00000000c2400000, 0x00000000c2400000| Untracked 
|  37|0x00000000c2500000, 0x00000000c2500000, 0x00000000c2600000|  0%| F|  |TAMS 0x00000000c2500000, 0x00000000c2500000| Untracked 
|  38|0x00000000c2600000, 0x00000000c2600000, 0x00000000c2700000|  0%| F|  |TAMS 0x00000000c2600000, 0x00000000c2600000| Untracked 
|  39|0x00000000c2700000, 0x00000000c2700000, 0x00000000c2800000|  0%| F|  |TAMS 0x00000000c2700000, 0x00000000c2700000| Untracked 
|  40|0x00000000c2800000, 0x00000000c2800000, 0x00000000c2900000|  0%| F|  |TAMS 0x00000000c2800000, 0x00000000c2800000| Untracked 
|  41|0x00000000c2900000, 0x00000000c2900000, 0x00000000c2a00000|  0%| F|  |TAMS 0x00000000c2900000, 0x00000000c2900000| Untracked 
|  42|0x00000000c2a00000, 0x00000000c2a00000, 0x00000000c2b00000|  0%| F|  |TAMS 0x00000000c2a00000, 0x00000000c2a00000| Untracked 
|  43|0x00000000c2b00000, 0x00000000c2b00000, 0x00000000c2c00000|  0%| F|  |TAMS 0x00000000c2b00000, 0x00000000c2b00000| Untracked 
|  44|0x00000000c2c00000, 0x00000000c2c00000, 0x00000000c2d00000|  0%| F|  |TAMS 0x00000000c2c00000, 0x00000000c2c00000| Untracked 
|  45|0x00000000c2d00000, 0x00000000c2d00000, 0x00000000c2e00000|  0%| F|  |TAMS 0x00000000c2d00000, 0x00000000c2d00000| Untracked 
|  46|0x00000000c2e00000, 0x00000000c2e00000, 0x00000000c2f00000|  0%| F|  |TAMS 0x00000000c2e00000, 0x00000000c2e00000| Untracked 
|  47|0x00000000c2f00000, 0x00000000c2f00000, 0x00000000c3000000|  0%| F|  |TAMS 0x00000000c2f00000, 0x00000000c2f00000| Untracked 
|  48|0x00000000c3000000, 0x00000000c3000000, 0x00000000c3100000|  0%| F|  |TAMS 0x00000000c3000000, 0x00000000c3000000| Untracked 
|  49|0x00000000c3100000, 0x00000000c3100000, 0x00000000c3200000|  0%| F|  |TAMS 0x00000000c3100000, 0x00000000c3100000| Untracked 
|  50|0x00000000c3200000, 0x00000000c3200000, 0x00000000c3300000|  0%| F|  |TAMS 0x00000000c3200000, 0x00000000c3200000| Untracked 
|  51|0x00000000c3300000, 0x00000000c3300000, 0x00000000c3400000|  0%| F|  |TAMS 0x00000000c3300000, 0x00000000c3300000| Untracked 
|  52|0x00000000c3400000, 0x00000000c3400000, 0x00000000c3500000|  0%| F|  |TAMS 0x00000000c3400000, 0x00000000c3400000| Untracked 
|  53|0x00000000c3500000, 0x00000000c3500000, 0x00000000c3600000|  0%| F|  |TAMS 0x00000000c3500000, 0x00000000c3500000| Untracked 
|  54|0x00000000c3600000, 0x00000000c3600000, 0x00000000c3700000|  0%| F|  |TAMS 0x00000000c3600000, 0x00000000c3600000| Untracked 
|  55|0x00000000c3700000, 0x00000000c3700000, 0x00000000c3800000|  0%| F|  |TAMS 0x00000000c3700000, 0x00000000c3700000| Untracked 
|  56|0x00000000c3800000, 0x00000000c3800000, 0x00000000c3900000|  0%| F|  |TAMS 0x00000000c3800000, 0x00000000c3800000| Untracked 
|  57|0x00000000c3900000, 0x00000000c3900000, 0x00000000c3a00000|  0%| F|  |TAMS 0x00000000c3900000, 0x00000000c3900000| Untracked 
|  58|0x00000000c3a00000, 0x00000000c3a00000, 0x00000000c3b00000|  0%| F|  |TAMS 0x00000000c3a00000, 0x00000000c3a00000| Untracked 
|  59|0x00000000c3b00000, 0x00000000c3b00000, 0x00000000c3c00000|  0%| F|  |TAMS 0x00000000c3b00000, 0x00000000c3b00000| Untracked 
|  60|0x00000000c3c00000, 0x00000000c3c00000, 0x00000000c3d00000|  0%| F|  |TAMS 0x00000000c3c00000, 0x00000000c3c00000| Untracked 
|  61|0x00000000c3d00000, 0x00000000c3d00000, 0x00000000c3e00000|  0%| F|  |TAMS 0x00000000c3d00000, 0x00000000c3d00000| Untracked 
|  62|0x00000000c3e00000, 0x00000000c3e00000, 0x00000000c3f00000|  0%| F|  |TAMS 0x00000000c3e00000, 0x00000000c3e00000| Untracked 
|  63|0x00000000c3f00000, 0x00000000c3f00000, 0x00000000c4000000|  0%| F|  |TAMS 0x00000000c3f00000, 0x00000000c3f00000| Untracked 
|  64|0x00000000c4000000, 0x00000000c4000000, 0x00000000c4100000|  0%| F|  |TAMS 0x00000000c4000000, 0x00000000c4000000| Untracked 
|  65|0x00000000c4100000, 0x00000000c4100000, 0x00000000c4200000|  0%| F|  |TAMS 0x00000000c4100000, 0x00000000c4100000| Untracked 
|  66|0x00000000c4200000, 0x00000000c4200000, 0x00000000c4300000|  0%| F|  |TAMS 0x00000000c4200000, 0x00000000c4200000| Untracked 
|  67|0x00000000c4300000, 0x00000000c4300000, 0x00000000c4400000|  0%| F|  |TAMS 0x00000000c4300000, 0x00000000c4300000| Untracked 
|  68|0x00000000c4400000, 0x00000000c4400000, 0x00000000c4500000|  0%| F|  |TAMS 0x00000000c4400000, 0x00000000c4400000| Untracked 
|  69|0x00000000c4500000, 0x00000000c4500000, 0x00000000c4600000|  0%| F|  |TAMS 0x00000000c4500000, 0x00000000c4500000| Untracked 
| 209|0x00000000cd100000, 0x00000000cd100000, 0x00000000cd200000|  0%| F|  |TAMS 0x00000000cd100000, 0x00000000cd100000| Untracked 
| 210|0x00000000cd200000, 0x00000000cd200000, 0x00000000cd300000|  0%| F|  |TAMS 0x00000000cd200000, 0x00000000cd200000| Untracked 
| 211|0x00000000cd300000, 0x00000000cd300000, 0x00000000cd400000|  0%| F|  |TAMS 0x00000000cd300000, 0x00000000cd300000| Untracked 
| 212|0x00000000cd400000, 0x00000000cd400000, 0x00000000cd500000|  0%| F|  |TAMS 0x00000000cd400000, 0x00000000cd400000| Untracked 
| 213|0x00000000cd500000, 0x00000000cd500000, 0x00000000cd600000|  0%| F|  |TAMS 0x00000000cd500000, 0x00000000cd500000| Untracked 
| 254|0x00000000cfe00000, 0x00000000cfe00000, 0x00000000cff00000|  0%| F|  |TAMS 0x00000000cfe00000, 0x00000000cfe00000| Untracked 
| 255|0x00000000cff00000, 0x00000000cff26698, 0x00000000d0000000| 15%| E|  |TAMS 0x00000000cff00000, 0x00000000cff00000| Complete 

Card table byte_map: [0x00000238bc7e0000,0x00000238bc9e0000] _byte_map_base: 0x00000238bc1e0000

Marking Bits (Prev, Next): (CMBitMap*) 0x00000238b6b85b10, (CMBitMap*) 0x00000238b6b85ad0
 Prev Bits: [0x00000238bdbe0000, 0x00000238bebe0000)
 Next Bits: [0x00000238bcbe0000, 0x00000238bdbe0000)

Polling page: 0x00000238b4a60000

Metaspace:

Usage:
  Non-class:     35.45 MB used.
      Class:      5.21 MB used.
       Both:     40.66 MB used.

Virtual space:
  Non-class space:       64.00 MB reserved,      35.75 MB ( 56%) committed,  1 nodes.
      Class space:        1.00 GB reserved,       5.44 MB ( <1%) committed,  1 nodes.
             Both:        1.06 GB reserved,      41.19 MB (  4%) committed. 

Chunk freelists:
   Non-Class:  11.60 MB
       Class:  10.59 MB
        Both:  22.19 MB

MaxMetaspaceSize: unlimited
CompressedClassSpaceSize: 1.00 GB
Initial GC threshold: 21.00 MB
Current GC threshold: 68.69 MB
CDS: off
MetaspaceReclaimPolicy: balanced
 - commit_granule_bytes: 65536.
 - commit_granule_words: 8192.
 - virtual_space_node_default_size: 8388608.
 - enlarge_chunks_in_place: 1.
 - new_chunks_are_fully_committed: 0.
 - uncommit_free_chunks: 1.
 - use_allocation_guard: 0.
 - handle_deallocations: 1.


Internal statistics:

num_allocs_failed_limit: 6.
num_arena_births: 502.
num_arena_deaths: 152.
num_vsnodes_births: 2.
num_vsnodes_deaths: 0.
num_space_committed: 658.
num_space_uncommitted: 0.
num_chunks_returned_to_freelist: 175.
num_chunks_taken_from_freelist: 1764.
num_chunk_merges: 55.
num_chunk_splits: 1218.
num_chunks_enlarged: 933.
num_inconsistent_stats: 0.

CodeCache: size=49152Kb used=7225Kb max_used=8096Kb free=41926Kb
 bounds [0x00000238b97e0000, 0x00000238b9fd0000, 0x00000238bc7e0000]
 total_blobs=4482 nmethods=3931 adapters=478
 compilation: enabled
              stopped_count=0, restarted_count=0
 full_count=0

Compilation events (20 events):
Event: 2723.802 Thread 0x00000238c1158fb0 3924       1       java.lang.invoke.Invokers$Holder::linkToTargetMethod (9 bytes)
Event: 2723.803 Thread 0x00000238c1158fb0 nmethod 3924 0x00000238b9951110 code [0x00000238b99512c0, 0x00000238b99513d8]
Event: 2723.803 Thread 0x00000238c1158fb0 3921       1       java.lang.ProcessEnvironment::toEnvironmentBlock (16 bytes)
Event: 2723.803 Thread 0x00000238c1158fb0 nmethod 3921 0x00000238b9950d90 code [0x00000238b9950f20, 0x00000238b9951048]
Event: 2723.803 Thread 0x00000238c1158fb0 3922   !   1       java.lang.ProcessImpl::<init> (327 bytes)
Event: 2723.816 Thread 0x00000238c1158fb0 nmethod 3922 0x00000238b994e610 code [0x00000238b994ea60, 0x00000238b994fe18]
Event: 2723.816 Thread 0x00000238c1158fb0 3923       1       java.lang.Process::<init> (5 bytes)
Event: 2723.816 Thread 0x00000238c1158fb0 nmethod 3923 0x00000238b994e310 code [0x00000238b994e4a0, 0x00000238b994e558]
Event: 2723.945 Thread 0x00000238c1158fb0 3925   !   1       java.io.FilterOutputStream::close (183 bytes)
Event: 2723.975 Thread 0x00000238c1158fb0 nmethod 3925 0x00000238b994d590 code [0x00000238b994d7a0, 0x00000238b994dc78]
Event: 2723.975 Thread 0x00000238c1158fb0 3930       1       java.lang.ProcessImpl$$Lambda$815/0x00000001003e4700::run (8 bytes)
Event: 2723.975 Thread 0x00000238c1158fb0 nmethod 3930 0x00000238b994d290 code [0x00000238b994d420, 0x00000238b994d508]
Event: 2723.975 Thread 0x00000238c1158fb0 3931       1       java.lang.ProcessImpl::lambda$new$0 (6 bytes)
Event: 2723.975 Thread 0x00000238c1158fb0 nmethod 3931 0x00000238b994cf90 code [0x00000238b994d120, 0x00000238b994d1e8]
Event: 2723.975 Thread 0x00000238c1158fb0 3926   !   1       java.io.FileOutputStream::close (69 bytes)
Event: 2723.978 Thread 0x00000238c1158fb0 nmethod 3926 0x00000238b994c910 code [0x00000238b994cae0, 0x00000238b994ce58]
Event: 2723.978 Thread 0x00000238c1158fb0 3927       1       java.io.FileOutputStream$1::<init> (10 bytes)
Event: 2723.978 Thread 0x00000238c1158fb0 nmethod 3927 0x00000238b994c610 code [0x00000238b994c7a0, 0x00000238b994c8b8]
Event: 2723.978 Thread 0x00000238c1158fb0 3928       1       java.io.FileOutputStream$1::close (11 bytes)
Event: 2723.978 Thread 0x00000238c1158fb0 nmethod 3928 0x00000238b994bf90 code [0x00000238b994c140, 0x00000238b994c458]

GC Heap History (20 events):
Event: 3579.091 GC heap before
{Heap before GC invocations=347 (full 337):
 garbage-first heap   total 78848K, used 25460K [0x00000000c0000000, 0x0000000100000000)
  region size 1024K, 1 young (1024K), 0 survivors (0K)
 Metaspace       used 41640K, committed 42176K, reserved 1114112K
  class space    used 5339K, committed 5568K, reserved 1048576K
}
Event: 3579.124 GC heap after
{Heap after GC invocations=348 (full 338):
 garbage-first heap   total 78848K, used 25460K [0x00000000c0000000, 0x0000000100000000)
  region size 1024K, 0 young (0K), 0 survivors (0K)
 Metaspace       used 41640K, committed 42176K, reserved 1114112K
  class space    used 5339K, committed 5568K, reserved 1048576K
}
Event: 3589.320 GC heap before
{Heap before GC invocations=348 (full 338):
 garbage-first heap   total 78848K, used 25460K [0x00000000c0000000, 0x0000000100000000)
  region size 1024K, 1 young (1024K), 0 survivors (0K)
 Metaspace       used 41640K, committed 42176K, reserved 1114112K
  class space    used 5339K, committed 5568K, reserved 1048576K
}
Event: 3589.351 GC heap after
{Heap after GC invocations=349 (full 339):
 garbage-first heap   total 78848K, used 25460K [0x00000000c0000000, 0x0000000100000000)
  region size 1024K, 0 young (0K), 0 survivors (0K)
 Metaspace       used 41640K, committed 42176K, reserved 1114112K
  class space    used 5339K, committed 5568K, reserved 1048576K
}
Event: 3599.597 GC heap before
{Heap before GC invocations=349 (full 339):
 garbage-first heap   total 78848K, used 25460K [0x00000000c0000000, 0x0000000100000000)
  region size 1024K, 1 young (1024K), 0 survivors (0K)
 Metaspace       used 41640K, committed 42176K, reserved 1114112K
  class space    used 5339K, committed 5568K, reserved 1048576K
}
Event: 3599.631 GC heap after
{Heap after GC invocations=350 (full 340):
 garbage-first heap   total 78848K, used 25460K [0x00000000c0000000, 0x0000000100000000)
  region size 1024K, 0 young (0K), 0 survivors (0K)
 Metaspace       used 41640K, committed 42176K, reserved 1114112K
  class space    used 5339K, committed 5568K, reserved 1048576K
}
Event: 3609.926 GC heap before
{Heap before GC invocations=350 (full 340):
 garbage-first heap   total 78848K, used 25460K [0x00000000c0000000, 0x0000000100000000)
  region size 1024K, 1 young (1024K), 0 survivors (0K)
 Metaspace       used 41640K, committed 42176K, reserved 1114112K
  class space    used 5339K, committed 5568K, reserved 1048576K
}
Event: 3609.959 GC heap after
{Heap after GC invocations=351 (full 341):
 garbage-first heap   total 78848K, used 25460K [0x00000000c0000000, 0x0000000100000000)
  region size 1024K, 0 young (0K), 0 survivors (0K)
 Metaspace       used 41640K, committed 42176K, reserved 1114112K
  class space    used 5339K, committed 5568K, reserved 1048576K
}
Event: 3620.185 GC heap before
{Heap before GC invocations=351 (full 341):
 garbage-first heap   total 78848K, used 25460K [0x00000000c0000000, 0x0000000100000000)
  region size 1024K, 1 young (1024K), 0 survivors (0K)
 Metaspace       used 41640K, committed 42176K, reserved 1114112K
  class space    used 5339K, committed 5568K, reserved 1048576K
}
Event: 3620.218 GC heap after
{Heap after GC invocations=352 (full 342):
 garbage-first heap   total 78848K, used 25460K [0x00000000c0000000, 0x0000000100000000)
  region size 1024K, 0 young (0K), 0 survivors (0K)
 Metaspace       used 41640K, committed 42176K, reserved 1114112K
  class space    used 5339K, committed 5568K, reserved 1048576K
}
Event: 3630.509 GC heap before
{Heap before GC invocations=352 (full 342):
 garbage-first heap   total 78848K, used 25460K [0x00000000c0000000, 0x0000000100000000)
  region size 1024K, 1 young (1024K), 0 survivors (0K)
 Metaspace       used 41640K, committed 42176K, reserved 1114112K
  class space    used 5339K, committed 5568K, reserved 1048576K
}
Event: 3630.543 GC heap after
{Heap after GC invocations=353 (full 343):
 garbage-first heap   total 78848K, used 25460K [0x00000000c0000000, 0x0000000100000000)
  region size 1024K, 0 young (0K), 0 survivors (0K)
 Metaspace       used 41640K, committed 42176K, reserved 1114112K
  class space    used 5339K, committed 5568K, reserved 1048576K
}
Event: 3641.003 GC heap before
{Heap before GC invocations=353 (full 343):
 garbage-first heap   total 78848K, used 25460K [0x00000000c0000000, 0x0000000100000000)
  region size 1024K, 1 young (1024K), 0 survivors (0K)
 Metaspace       used 41640K, committed 42176K, reserved 1114112K
  class space    used 5339K, committed 5568K, reserved 1048576K
}
Event: 3641.035 GC heap after
{Heap after GC invocations=354 (full 344):
 garbage-first heap   total 78848K, used 25460K [0x00000000c0000000, 0x0000000100000000)
  region size 1024K, 0 young (0K), 0 survivors (0K)
 Metaspace       used 41640K, committed 42176K, reserved 1114112K
  class space    used 5339K, committed 5568K, reserved 1048576K
}
Event: 3651.760 GC heap before
{Heap before GC invocations=354 (full 344):
 garbage-first heap   total 78848K, used 25460K [0x00000000c0000000, 0x0000000100000000)
  region size 1024K, 1 young (1024K), 0 survivors (0K)
 Metaspace       used 41640K, committed 42176K, reserved 1114112K
  class space    used 5339K, committed 5568K, reserved 1048576K
}
Event: 3651.791 GC heap after
{Heap after GC invocations=355 (full 345):
 garbage-first heap   total 78848K, used 25460K [0x00000000c0000000, 0x0000000100000000)
  region size 1024K, 0 young (0K), 0 survivors (0K)
 Metaspace       used 41640K, committed 42176K, reserved 1114112K
  class space    used 5339K, committed 5568K, reserved 1048576K
}
Event: 3662.071 GC heap before
{Heap before GC invocations=355 (full 345):
 garbage-first heap   total 78848K, used 25460K [0x00000000c0000000, 0x0000000100000000)
  region size 1024K, 1 young (1024K), 0 survivors (0K)
 Metaspace       used 41640K, committed 42176K, reserved 1114112K
  class space    used 5339K, committed 5568K, reserved 1048576K
}
Event: 3662.104 GC heap after
{Heap after GC invocations=356 (full 346):
 garbage-first heap   total 78848K, used 25460K [0x00000000c0000000, 0x0000000100000000)
  region size 1024K, 0 young (0K), 0 survivors (0K)
 Metaspace       used 41640K, committed 42176K, reserved 1114112K
  class space    used 5339K, committed 5568K, reserved 1048576K
}
Event: 3672.606 GC heap before
{Heap before GC invocations=356 (full 346):
 garbage-first heap   total 78848K, used 25460K [0x00000000c0000000, 0x0000000100000000)
  region size 1024K, 1 young (1024K), 0 survivors (0K)
 Metaspace       used 41640K, committed 42176K, reserved 1114112K
  class space    used 5339K, committed 5568K, reserved 1048576K
}
Event: 3672.639 GC heap after
{Heap after GC invocations=357 (full 347):
 garbage-first heap   total 78848K, used 25460K [0x00000000c0000000, 0x0000000100000000)
  region size 1024K, 0 young (0K), 0 survivors (0K)
 Metaspace       used 41640K, committed 42176K, reserved 1114112K
  class space    used 5339K, committed 5568K, reserved 1048576K
}

Dll operation events (8 events):
Event: 0.015 Loaded shared library c:\Users\user\.vscode\extensions\redhat.java-1.33.0-win32-x64\jre\17.0.11-win32-x86_64\bin\java.dll
Event: 1.314 Loaded shared library C:\Users\user\.vscode\extensions\redhat.java-1.33.0-win32-x64\jre\17.0.11-win32-x86_64\bin\net.dll
Event: 1.321 Loaded shared library C:\Users\user\.vscode\extensions\redhat.java-1.33.0-win32-x64\jre\17.0.11-win32-x86_64\bin\nio.dll
Event: 1.340 Loaded shared library C:\Users\user\.vscode\extensions\redhat.java-1.33.0-win32-x64\jre\17.0.11-win32-x86_64\bin\zip.dll
Event: 3.238 Loaded shared library C:\Users\user\.vscode\extensions\redhat.java-1.33.0-win32-x64\jre\17.0.11-win32-x86_64\bin\jimage.dll
Event: 7.293 Loaded shared library c:\Users\user\.vscode\extensions\redhat.java-1.33.0-win32-x64\jre\17.0.11-win32-x86_64\bin\verify.dll
Event: 13.303 Loaded shared library C:\Users\user\.vscode\extensions\redhat.java-1.33.0-win32-x64\jre\17.0.11-win32-x86_64\bin\management.dll
Event: 13.313 Loaded shared library C:\Users\user\.vscode\extensions\redhat.java-1.33.0-win32-x64\jre\17.0.11-win32-x86_64\bin\management_ext.dll

Deoptimization events (6 events):
Event: 14.058 Thread 0x00000238c68f2a80 DEOPT PACKING pc=0x00000238b9d19b81 sp=0x000000d52c7fdfe0
Event: 14.058 Thread 0x00000238c68f2a80 DEOPT UNPACKING pc=0x00000238b9837143 sp=0x000000d52c7fd470 mode 3
Event: 14.090 Thread 0x00000238c6dbd520 DEOPT PACKING pc=0x00000238b9cfc317 sp=0x000000d52c8ff370
Event: 14.090 Thread 0x00000238c6dbd520 DEOPT UNPACKING pc=0x00000238b9837143 sp=0x000000d52c8fe7c8 mode 3
Event: 261.132 Thread 0x00000238c68f2a80 DEOPT PACKING pc=0x00000238b9df09d4 sp=0x000000d52c7ff2e0
Event: 261.132 Thread 0x00000238c68f2a80 DEOPT UNPACKING pc=0x00000238b9837143 sp=0x000000d52c7fe788 mode 0

Classes unloaded (20 events):
Event: 76.837 Thread 0x00000238c10fcda0 Unloading class 0x00000001003a8000 'java/lang/invoke/LambdaForm$DMH+0x00000001003a8000'
Event: 76.837 Thread 0x00000238c10fcda0 Unloading class 0x0000000100262000 'java/lang/invoke/LambdaForm$MH+0x0000000100262000'
Event: 76.837 Thread 0x00000238c10fcda0 Unloading class 0x0000000100096000 'java/lang/invoke/LambdaForm$MH+0x0000000100096000'
Event: 76.837 Thread 0x00000238c10fcda0 Unloading class 0x0000000100095c00 'java/lang/invoke/LambdaForm$MH+0x0000000100095c00'
Event: 76.837 Thread 0x00000238c10fcda0 Unloading class 0x0000000100095800 'java/lang/invoke/LambdaForm$MH+0x0000000100095800'
Event: 76.837 Thread 0x00000238c10fcda0 Unloading class 0x0000000100095400 'java/lang/invoke/LambdaForm$MH+0x0000000100095400'
Event: 76.837 Thread 0x00000238c10fcda0 Unloading class 0x0000000100095000 'java/lang/invoke/LambdaForm$MH+0x0000000100095000'
Event: 76.837 Thread 0x00000238c10fcda0 Unloading class 0x0000000100094c00 'java/lang/invoke/LambdaForm$MH+0x0000000100094c00'
Event: 76.837 Thread 0x00000238c10fcda0 Unloading class 0x0000000100094800 'java/lang/invoke/LambdaForm$MH+0x0000000100094800'
Event: 76.837 Thread 0x00000238c10fcda0 Unloading class 0x0000000100094400 'java/lang/invoke/LambdaForm$MH+0x0000000100094400'
Event: 76.837 Thread 0x00000238c10fcda0 Unloading class 0x000000010008e800 'java/lang/invoke/LambdaForm$MH+0x000000010008e800'
Event: 76.837 Thread 0x00000238c10fcda0 Unloading class 0x000000010008e400 'java/lang/invoke/LambdaForm$MH+0x000000010008e400'
Event: 76.837 Thread 0x00000238c10fcda0 Unloading class 0x000000010008e000 'java/lang/invoke/LambdaForm$MH+0x000000010008e000'
Event: 76.837 Thread 0x00000238c10fcda0 Unloading class 0x000000010008dc00 'java/lang/invoke/LambdaForm$MH+0x000000010008dc00'
Event: 76.837 Thread 0x00000238c10fcda0 Unloading class 0x000000010008d800 'java/lang/invoke/LambdaForm$MH+0x000000010008d800'
Event: 76.837 Thread 0x00000238c10fcda0 Unloading class 0x000000010008d400 'java/lang/invoke/LambdaForm$MH+0x000000010008d400'
Event: 76.837 Thread 0x00000238c10fcda0 Unloading class 0x000000010008cc00 'java/lang/invoke/LambdaForm$MH+0x000000010008cc00'
Event: 76.837 Thread 0x00000238c10fcda0 Unloading class 0x000000010008c800 'java/lang/invoke/LambdaForm$MH+0x000000010008c800'
Event: 76.837 Thread 0x00000238c10fcda0 Unloading class 0x000000010008c000 'java/lang/invoke/LambdaForm$MH+0x000000010008c000'
Event: 76.837 Thread 0x00000238c10fcda0 Unloading class 0x000000010008bc00 'java/lang/invoke/LambdaForm$MH+0x000000010008bc00'

Classes redefined (0 events):
No events

Internal exceptions (20 events):
Event: 9.976 Thread 0x00000238b493d800 Exception <a 'java/lang/NoSuchMethodError'{0x00000000c4229840}: 'java.lang.Object java.lang.invoke.DirectMethodHandle$Holder.invokeSpecial(java.lang.Object, java.lang.Object, int, java.lang.Object, java.lang.Object)'> (0x00000000c4229840) 
thrown [s\src\hotspot\share\interpreter\linkResolver.cpp, line 759]
Event: 9.976 Thread 0x00000238b493d800 Exception <a 'java/lang/NoSuchMethodError'{0x00000000c422d4e8}: 'java.lang.Object java.lang.invoke.DelegatingMethodHandle$Holder.delegate(java.lang.Object, int, java.lang.Object, java.lang.Object)'> (0x00000000c422d4e8) 
thrown [s\src\hotspot\share\interpreter\linkResolver.cpp, line 759]
Event: 9.978 Thread 0x00000238b493d800 Exception <a 'java/lang/NoSuchMethodError'{0x00000000c423e370}: 'int java.lang.invoke.Invokers$Holder.linkToTargetMethod(java.lang.Object, java.lang.Object, java.lang.Object)'> (0x00000000c423e370) 
thrown [s\src\hotspot\share\interpreter\linkResolver.cpp, line 759]
Event: 10.356 Thread 0x00000238b493d800 Exception <a 'java/lang/NoSuchMethodError'{0x00000000c3ee1880}: 'java.lang.Object java.lang.invoke.DirectMethodHandle$Holder.invokeStaticInit(java.lang.Object, int, int, int, int)'> (0x00000000c3ee1880) 
thrown [s\src\hotspot\share\interpreter\linkResolver.cpp, line 759]
Event: 10.552 Thread 0x00000238b493d800 Exception <a 'java/lang/NoSuchMethodError'{0x00000000c3dcc360}: 'java.lang.Object java.lang.invoke.DirectMethodHandle$Holder.invokeStaticInit(java.lang.Object, java.lang.Object, int, int, int, int)'> (0x00000000c3dcc360) 
thrown [s\src\hotspot\share\interpreter\linkResolver.cpp, line 759]
Event: 11.160 Thread 0x00000238b493d800 Exception <a 'java/lang/NoSuchMethodError'{0x00000000c344ee90}: 'void java.lang.invoke.DirectMethodHandle$Holder.invokeSpecialIFC(java.lang.Object, java.lang.Object, java.lang.Object)'> (0x00000000c344ee90) 
thrown [s\src\hotspot\share\interpreter\linkResolver.cpp, line 759]
Event: 12.262 Thread 0x00000238b493d800 Exception <a 'java/lang/NoSuchMethodError'{0x00000000c3864f68}: 'int java.lang.invoke.DirectMethodHandle$Holder.invokeStaticInit(java.lang.Object, java.lang.Object, int, java.lang.Object)'> (0x00000000c3864f68) 
thrown [s\src\hotspot\share\interpreter\linkResolver.cpp, line 759]
Event: 12.407 Thread 0x00000238b493d800 Exception <a 'java/lang/NoSuchMethodError'{0x00000000c3799e88}: 'void java.lang.invoke.DirectMethodHandle$Holder.invokeSpecial(java.lang.Object, java.lang.Object, java.lang.Object, java.lang.Object, java.lang.Object, java.lang.Object, java.lang.Object)'> (0x00000000c3799e88) 
thrown [s\src\hotspot\share\interpreter\linkResolver.cpp, line 759]
Event: 12.978 Thread 0x00000238b493d800 Exception <a 'java/lang/NoSuchMethodError'{0x00000000cd250360}: 'java.lang.Object java.lang.invoke.DirectMethodHandle$Holder.invokeInterface(java.lang.Object, java.lang.Object, int)'> (0x00000000cd250360) 
thrown [s\src\hotspot\share\interpreter\linkResolver.cpp, line 759]
Event: 12.983 Thread 0x00000238b493d800 Exception <a 'java/lang/IncompatibleClassChangeError'{0x00000000cd2670e8}: Found class java.lang.Object, but interface was expected> (0x00000000cd2670e8) 
thrown [s\src\hotspot\share\interpreter\linkResolver.cpp, line 826]
Event: 13.289 Thread 0x00000238b493d800 Exception <a 'java/lang/NoSuchMethodError'{0x00000000c4157940}: 'java.lang.Object java.lang.invoke.DirectMethodHandle$Holder.newInvokeSpecial(java.lang.Object, java.lang.Object, int, java.lang.Object, java.lang.Object)'> (0x00000000c4157940) 
thrown [s\src\hotspot\share\interpreter\linkResolver.cpp, line 759]
Event: 13.292 Thread 0x00000238b493d800 Exception <a 'java/lang/NoSuchMethodError'{0x00000000c416e930}: 'java.lang.Object java.lang.invoke.DirectMethodHandle$Holder.newInvokeSpecial(java.lang.Object, java.lang.Object, java.lang.Object, int)'> (0x00000000c416e930) 
thrown [s\src\hotspot\share\interpreter\linkResolver.cpp, line 759]
Event: 13.292 Thread 0x00000238b493d800 Exception <a 'java/lang/NoSuchMethodError'{0x00000000c4172c18}: 'java.lang.Object java.lang.invoke.DirectMethodHandle$Holder.invokeSpecial(java.lang.Object, java.lang.Object, java.lang.Object, java.lang.Object, int)'> (0x00000000c4172c18) 
thrown [s\src\hotspot\share\interpreter\linkResolver.cpp, line 759]
Event: 13.292 Thread 0x00000238b493d800 Exception <a 'java/lang/NoSuchMethodError'{0x00000000c41767e0}: 'java.lang.Object java.lang.invoke.Invokers$Holder.linkToTargetMethod(java.lang.Object, java.lang.Object, int, java.lang.Object)'> (0x00000000c41767e0) 
thrown [s\src\hotspot\share\interpreter\linkResolver.cpp, line 759]
Event: 13.924 Thread 0x00000238c68f2a80 Exception <a 'java/lang/NoSuchMethodError'{0x00000000c3344bd0}: 'java.lang.Object java.lang.invoke.DirectMethodHandle$Holder.invokeStatic(java.lang.Object, java.lang.Object, java.lang.Object, int, java.lang.Object, java.lang.Object)'> (0x00000000c3344bd0) 
thrown [s\src\hotspot\share\interpreter\linkResolver.cpp, line 759]
Event: 13.929 Thread 0x00000238c6dbd520 Exception <a 'java/lang/NoSuchMethodError'{0x00000000c3368d20}: 'java.lang.Object java.lang.invoke.DirectMethodHandle$Holder.invokeStatic(java.lang.Object, int, java.lang.Object)'> (0x00000000c3368d20) 
thrown [s\src\hotspot\share\interpreter\linkResolver.cpp, line 759]
Event: 14.809 Thread 0x00000238c6b2e5a0 Exception <a 'java/lang/NoSuchMethodError'{0x00000000cd3c1f30}: 'int java.lang.invoke.DirectMethodHandle$Holder.invokeStatic(java.lang.Object)'> (0x00000000cd3c1f30) 
thrown [s\src\hotspot\share\interpreter\linkResolver.cpp, line 759]
Event: 14.809 Thread 0x00000238c6b2e5a0 Exception <a 'java/lang/NoSuchMethodError'{0x00000000cd3c5330}: 'int java.lang.invoke.DirectMethodHandle$Holder.invokeStaticInit(java.lang.Object)'> (0x00000000cd3c5330) 
thrown [s\src\hotspot\share\interpreter\linkResolver.cpp, line 759]
Event: 53.354 Thread 0x00000238c6b4cc80 Exception <a 'java/lang/NoSuchMethodError'{0x00000000c44024b0}: 'void java.lang.invoke.DirectMethodHandle$Holder.invokeStatic(java.lang.Object, long)'> (0x00000000c44024b0) 
thrown [s\src\hotspot\share\interpreter\linkResolver.cpp, line 759]
Event: 53.355 Thread 0x00000238c6b4cc80 Exception <a 'java/lang/NoSuchMethodError'{0x00000000c4407858}: 'java.lang.Object java.lang.invoke.DirectMethodHandle$Holder.newInvokeSpecial(java.lang.Object, long)'> (0x00000000c4407858) 
thrown [s\src\hotspot\share\interpreter\linkResolver.cpp, line 759]

VM Operations (20 events):
Event: 3579.125 Executing VM operation: G1CollectFull done
Event: 3589.319 Executing VM operation: G1CollectFull
Event: 3589.351 Executing VM operation: G1CollectFull done
Event: 3599.597 Executing VM operation: G1CollectFull
Event: 3599.631 Executing VM operation: G1CollectFull done
Event: 3609.926 Executing VM operation: G1CollectFull
Event: 3609.959 Executing VM operation: G1CollectFull done
Event: 3620.185 Executing VM operation: G1CollectFull
Event: 3620.218 Executing VM operation: G1CollectFull done
Event: 3630.509 Executing VM operation: G1CollectFull
Event: 3630.543 Executing VM operation: G1CollectFull done
Event: 3641.003 Executing VM operation: G1CollectFull
Event: 3641.036 Executing VM operation: G1CollectFull done
Event: 3651.760 Executing VM operation: G1CollectFull
Event: 3651.791 Executing VM operation: G1CollectFull done
Event: 3662.071 Executing VM operation: G1CollectFull
Event: 3662.105 Executing VM operation: G1CollectFull done
Event: 3672.606 Executing VM operation: G1CollectFull
Event: 3672.639 Executing VM operation: G1CollectFull done
Event: 3683.125 Executing VM operation: G1CollectFull

Events (20 events):
Event: 15.074 loading class java/util/regex/Pattern$1
Event: 15.074 loading class java/util/regex/Pattern$1 done
Event: 20.179 Thread 0x00000238c6428560 Thread exited: 0x00000238c6428560
Event: 20.180 Thread 0x00000238c134bee0 Thread exited: 0x00000238c134bee0
Event: 53.296 loading class java/lang/ProcessBuilder
Event: 53.302 loading class java/lang/ProcessBuilder done
Event: 53.303 loading class java/lang/ProcessImpl
Event: 53.304 loading class java/lang/ProcessImpl done
Event: 53.356 loading class java/lang/ProcessImpl$2
Event: 53.356 loading class java/lang/ProcessImpl$2 done
Event: 53.356 loading class java/lang/Process$PipeInputStream
Event: 53.357 loading class java/lang/Process$PipeInputStream done
Event: 53.358 loading class jdk/internal/event/ProcessStartEvent
Event: 53.358 loading class jdk/internal/event/ProcessStartEvent done
Event: 55.891 loading class java/io/FileOutputStream$1
Event: 55.891 loading class java/io/FileOutputStream$1 done
Event: 74.590 Thread 0x00000238c6b2bd20 Thread exited: 0x00000238c6b2bd20
Event: 74.602 Thread 0x00000238c6b2e090 Thread exited: 0x00000238c6b2e090
Event: 261.133 Thread 0x00000238c6b2bd20 Thread added: 0x00000238c6b2bd20
Event: 332.812 Thread 0x00000238c6b2bd20 Thread exited: 0x00000238c6b2bd20


Dynamic libraries:
0x00007ff777750000 - 0x00007ff77775e000 	c:\Users\user\.vscode\extensions\redhat.java-1.33.0-win32-x64\jre\17.0.11-win32-x86_64\bin\java.exe
0x00007ffe2abb0000 - 0x00007ffe2ada8000 	C:\Windows\SYSTEM32\ntdll.dll
0x00007ffe2a460000 - 0x00007ffe2a521000 	C:\Windows\System32\KERNEL32.DLL
0x00007ffe28260000 - 0x00007ffe2855d000 	C:\Windows\System32\KERNELBASE.dll
0x00007ffe28820000 - 0x00007ffe28920000 	C:\Windows\System32\ucrtbase.dll
0x00007ffe21640000 - 0x00007ffe21657000 	c:\Users\user\.vscode\extensions\redhat.java-1.33.0-win32-x64\jre\17.0.11-win32-x86_64\bin\jli.dll
0x00007ffe292b0000 - 0x00007ffe2944d000 	C:\Windows\System32\USER32.dll
0x00007ffe28920000 - 0x00007ffe28942000 	C:\Windows\System32\win32u.dll
0x00007ffe2a8a0000 - 0x00007ffe2a8cb000 	C:\Windows\System32\GDI32.dll
0x00007ffe28670000 - 0x00007ffe28787000 	C:\Windows\System32\gdi32full.dll
0x00007ffe28560000 - 0x00007ffe285fd000 	C:\Windows\System32\msvcp_win.dll
0x00007ffe21620000 - 0x00007ffe2163b000 	c:\Users\user\.vscode\extensions\redhat.java-1.33.0-win32-x64\jre\17.0.11-win32-x86_64\bin\VCRUNTIME140.dll
0x00007ffe11bc0000 - 0x00007ffe11e5a000 	C:\Windows\WinSxS\amd64_microsoft.windows.common-controls_6595b64144ccf1df_6.0.19041.4355_none_60b8b9eb71f62e16\COMCTL32.dll
0x00007ffe2a5e0000 - 0x00007ffe2a67e000 	C:\Windows\System32\msvcrt.dll
0x00007ffe28d60000 - 0x00007ffe28d8f000 	C:\Windows\System32\IMM32.DLL
0x00007ffe21610000 - 0x00007ffe2161c000 	c:\Users\user\.vscode\extensions\redhat.java-1.33.0-win32-x64\jre\17.0.11-win32-x86_64\bin\vcruntime140_1.dll
0x00007ffdf8690000 - 0x00007ffdf871d000 	c:\Users\user\.vscode\extensions\redhat.java-1.33.0-win32-x64\jre\17.0.11-win32-x86_64\bin\msvcp140.dll
0x00007ffde5ec0000 - 0x00007ffde6b22000 	c:\Users\user\.vscode\extensions\redhat.java-1.33.0-win32-x64\jre\17.0.11-win32-x86_64\bin\server\jvm.dll
0x00007ffe29200000 - 0x00007ffe292b0000 	C:\Windows\System32\ADVAPI32.dll
0x00007ffe29e10000 - 0x00007ffe29eb0000 	C:\Windows\System32\sechost.dll
0x00007ffe2a680000 - 0x00007ffe2a7a3000 	C:\Windows\System32\RPCRT4.dll
0x00007ffe28bb0000 - 0x00007ffe28bd7000 	C:\Windows\System32\bcrypt.dll
0x00007ffe280b0000 - 0x00007ffe280fb000 	C:\Windows\SYSTEM32\POWRPROF.dll
0x00007ffe1d0d0000 - 0x00007ffe1d0d9000 	C:\Windows\SYSTEM32\WSOCK32.dll
0x00007ffe2a960000 - 0x00007ffe2a9cb000 	C:\Windows\System32\WS2_32.dll
0x00007ffe18350000 - 0x00007ffe18377000 	C:\Windows\SYSTEM32\WINMM.dll
0x00007ffe201a0000 - 0x00007ffe201aa000 	C:\Windows\SYSTEM32\VERSION.dll
0x00007ffe28090000 - 0x00007ffe280a2000 	C:\Windows\SYSTEM32\UMPDC.dll
0x00007ffe26a70000 - 0x00007ffe26a82000 	C:\Windows\SYSTEM32\kernel.appcore.dll
0x00007ffe213c0000 - 0x00007ffe213ca000 	c:\Users\user\.vscode\extensions\redhat.java-1.33.0-win32-x64\jre\17.0.11-win32-x86_64\bin\jimage.dll
0x00007ffe260b0000 - 0x00007ffe26294000 	C:\Windows\SYSTEM32\DBGHELP.DLL
0x00007ffe182a0000 - 0x00007ffe182d4000 	C:\Windows\SYSTEM32\dbgcore.DLL
0x00007ffe28790000 - 0x00007ffe28812000 	C:\Windows\System32\bcryptPrimitives.dll
0x00007ffe000b0000 - 0x00007ffe000d5000 	c:\Users\user\.vscode\extensions\redhat.java-1.33.0-win32-x64\jre\17.0.11-win32-x86_64\bin\java.dll
0x00007ffe1dae0000 - 0x00007ffe1daf8000 	c:\Users\user\.vscode\extensions\redhat.java-1.33.0-win32-x64\jre\17.0.11-win32-x86_64\bin\zip.dll
0x00007ffe296a0000 - 0x00007ffe29e0f000 	C:\Windows\System32\SHELL32.dll
0x00007ffe262a0000 - 0x00007ffe26a3f000 	C:\Windows\SYSTEM32\windows.storage.dll
0x00007ffe2a070000 - 0x00007ffe2a3c3000 	C:\Windows\System32\combase.dll
0x00007ffe27bb0000 - 0x00007ffe27bde000 	C:\Windows\SYSTEM32\Wldp.dll
0x00007ffe28c90000 - 0x00007ffe28d5d000 	C:\Windows\System32\OLEAUT32.dll
0x00007ffe2a530000 - 0x00007ffe2a5dd000 	C:\Windows\System32\SHCORE.dll
0x00007ffe2a400000 - 0x00007ffe2a455000 	C:\Windows\System32\shlwapi.dll
0x00007ffe28190000 - 0x00007ffe281b4000 	C:\Windows\SYSTEM32\profapi.dll
0x00007ffe1d0e0000 - 0x00007ffe1d0f9000 	C:\Users\user\.vscode\extensions\redhat.java-1.33.0-win32-x64\jre\17.0.11-win32-x86_64\bin\net.dll
0x00007ffe1c560000 - 0x00007ffe1c66d000 	C:\Windows\SYSTEM32\WINHTTP.dll
0x00007ffe27910000 - 0x00007ffe2797a000 	C:\Windows\system32\mswsock.dll
0x00007ffe1d080000 - 0x00007ffe1d096000 	C:\Users\user\.vscode\extensions\redhat.java-1.33.0-win32-x64\jre\17.0.11-win32-x86_64\bin\nio.dll
0x00007ffe1fa40000 - 0x00007ffe1fa50000 	c:\Users\user\.vscode\extensions\redhat.java-1.33.0-win32-x64\jre\17.0.11-win32-x86_64\bin\verify.dll
0x00007ffe27b10000 - 0x00007ffe27b28000 	C:\Windows\SYSTEM32\CRYPTSP.dll
0x00007ffe27230000 - 0x00007ffe27264000 	C:\Windows\system32\rsaenh.dll
0x00007ffe28100000 - 0x00007ffe2812e000 	C:\Windows\SYSTEM32\USERENV.dll
0x00007ffe27b00000 - 0x00007ffe27b0c000 	C:\Windows\SYSTEM32\CRYPTBASE.dll
0x00007ffe275f0000 - 0x00007ffe2762b000 	C:\Windows\SYSTEM32\IPHLPAPI.DLL
0x00007ffe2a3d0000 - 0x00007ffe2a3d8000 	C:\Windows\System32\NSI.dll
0x00007ffe1ded0000 - 0x00007ffe1dee7000 	C:\Windows\SYSTEM32\dhcpcsvc6.DLL
0x00007ffe1da60000 - 0x00007ffe1da7d000 	C:\Windows\SYSTEM32\dhcpcsvc.DLL
0x00007ffe27630000 - 0x00007ffe276fa000 	C:\Windows\SYSTEM32\DNSAPI.dll
0x00007ffe1cdc0000 - 0x00007ffe1cdc9000 	C:\Users\user\.vscode\extensions\redhat.java-1.33.0-win32-x64\jre\17.0.11-win32-x86_64\bin\management.dll
0x00007ffe1cc50000 - 0x00007ffe1cc5b000 	C:\Users\user\.vscode\extensions\redhat.java-1.33.0-win32-x64\jre\17.0.11-win32-x86_64\bin\management_ext.dll
0x00007ffe2a890000 - 0x00007ffe2a898000 	C:\Windows\System32\PSAPI.DLL

dbghelp: loaded successfully - version: 4.0.5 - missing functions: none
symbol engine: initialized successfully - sym options: 0x614 - pdb path: .;c:\Users\user\.vscode\extensions\redhat.java-1.33.0-win32-x64\jre\17.0.11-win32-x86_64\bin;C:\Windows\SYSTEM32;C:\Windows\WinSxS\amd64_microsoft.windows.common-controls_6595b64144ccf1df_6.0.19041.4355_none_60b8b9eb71f62e16;c:\Users\user\.vscode\extensions\redhat.java-1.33.0-win32-x64\jre\17.0.11-win32-x86_64\bin\server

VM Arguments:
jvm_args: -Xmx1024m -Dsts.lsp.client=vscode -Dsts.log.file=/dev/null -XX:TieredStopAtLevel=1 -Xlog:jni+resolve=off -Dspring.config.location=file:c:\Users\user\.vscode\extensions\vmware.vscode-spring-boot-1.56.0\language-server\BOOT-INF\classes\application.properties 
java_command: org.springframework.ide.vscode.boot.app.BootLanguageServerBootApp
java_class_path (initial): c:\Users\user\.vscode\extensions\vmware.vscode-spring-boot-1.56.0\language-server\BOOT-INF\classes;c:\Users\user\.vscode\extensions\vmware.vscode-spring-boot-1.56.0\language-server\BOOT-INF\lib\annotations-24.1.0.jar;c:\Users\user\.vscode\extensions\vmware.vscode-spring-boot-1.56.0\language-server\BOOT-INF\lib\antlr4-runtime-4.13.1.jar;c:\Users\user\.vscode\extensions\vmware.vscode-spring-boot-1.56.0\language-server\BOOT-INF\lib\asm-9.7.jar;c:\Users\user\.vscode\extensions\vmware.vscode-spring-boot-1.56.0\language-server\BOOT-INF\lib\asm-analysis-9.7.jar;c:\Users\user\.vscode\extensions\vmware.vscode-spring-boot-1.56.0\language-server\BOOT-INF\lib\asm-tree-9.7.jar;c:\Users\user\.vscode\extensions\vmware.vscode-spring-boot-1.56.0\language-server\BOOT-INF\lib\asm-util-9.7.jar;c:\Users\user\.vscode\extensions\vmware.vscode-spring-boot-1.56.0\language-server\BOOT-INF\lib\caffeine-3.1.8.jar;c:\Users\user\.vscode\extensions\vmware.vscode-spring-boot-1.56.0\language-server\BOOT-INF\lib\checker-qual-3.12.0.jar;c:\Users\user\.vscode\extensions\vmware.vscode-spring-boot-1.56.0\language-server\BOOT-INF\lib\classgraph-4.8.149.jar;c:\Users\user\.vscode\extensions\vmware.vscode-spring-boot-1.56.0\language-server\BOOT-INF\lib\commons-codec-1.16.1.jar;c:\Users\user\.vscode\extensions\vmware.vscode-spring-boot-1.56.0\language-server\BOOT-INF\lib\commons-compress-1.26.2.jar;c:\Users\user\.vscode\extensions\vmware.vscode-spring-boot-1.56.0\language-server\BOOT-INF\lib\commons-io-2.16.1.jar;c:\Users\user\.vscode\extensions\vmware.vscode-spring-boot-1.56.0\language-server\BOOT-INF\lib\commons-java-1.56.0-SNAPSHOT.jar;c:\Users\user\.vscode\extensions\vmware.vscode-spring-boot-1.56.0\language-server\BOOT-INF\lib\commons-lang3-3.14.0.jar;c:\Users\user\.vscode\extensions\vmware.vscode-spring-boot-1.56.0\language-server\BOOT-INF\lib\commons-language-server-1.56.0-SNAPSHOT.jar;c:\Users\user\.vscode\extensions\vmware.vscode-spring-boot-1.56.0\language-server\BOOT-I
Launcher Type: SUN_STANDARD

[Global flags]
     intx CICompilerCount                          = 3                                         {product} {ergonomic}
     uint ConcGCThreads                            = 1                                         {product} {ergonomic}
     uint G1ConcRefinementThreads                  = 4                                         {product} {ergonomic}
   size_t G1HeapRegionSize                         = 1048576                                   {product} {ergonomic}
    uintx GCDrainStackTargetSize                   = 64                                        {product} {ergonomic}
   size_t InitialHeapSize                          = 268435456                                 {product} {ergonomic}
   size_t MarkStackSize                            = 4194304                                   {product} {ergonomic}
   size_t MaxHeapSize                              = 1073741824                                {product} {command line}
   size_t MaxNewSize                               = 643825664                                 {product} {ergonomic}
   size_t MinHeapDeltaBytes                        = 1048576                                   {product} {ergonomic}
   size_t MinHeapSize                              = 8388608                                   {product} {ergonomic}
    uintx NonProfiledCodeHeapSize                  = 0                                      {pd product} {ergonomic}
     bool ProfileInterpreter                       = false                                  {pd product} {command line}
    uintx ProfiledCodeHeapSize                     = 0                                      {pd product} {ergonomic}
   size_t SoftMaxHeapSize                          = 1073741824                             {manageable} {ergonomic}
     intx TieredStopAtLevel                        = 1                                         {product} {command line}
     bool UseCompressedClassPointers               = true                           {product lp64_product} {ergonomic}
     bool UseCompressedOops                        = true                           {product lp64_product} {ergonomic}
     bool UseG1GC                                  = true                                      {product} {ergonomic}
     bool UseLargePagesIndividualAllocation        = false                                  {pd product} {ergonomic}

Logging:
Log output configuration:
 #0: stdout all=warning,jni+resolve=off uptime,level,tags
 #1: stderr all=off uptime,level,tags

Environment Variables:
JAVA_HOME=C:\Program Files\Java\jdk-20
PATH=C:\Users\user\flutter\bin;C:\Program Files\Java\jdk-20\bin;C:\Program Files\Common Files\Oracle\Java\javapath;C:\Windows\system32;C:\Windows;C:\Windows\System32\Wbem;C:\Windows\System32\WindowsPowerShell\v1.0\;C:\Windows\System32\OpenSSH\;C:\Program Files\nodejs\;C:\Program Files\nodejs;C:\Program Files\nodejs;C:\Program Files\Git\cmd;C:\Users\user\AppData\Local\Android\Sdk\platform-tools;E:\apache-maven-3.9.8\bin;E:\apache-maven-3.9.8\bin;C:\Program Files\CMake\bin;C:\Program Files\CMake\bin;C:\Program Files (x86)\Microsoft Visual Studio\2022\BuildTools\Common7\Tools;C:\Users\user\flutter;C:\Users\user\AppData\Local\Programs\Microsoft VS Code\bin
USERNAME=user
OS=Windows_NT
PROCESSOR_IDENTIFIER=Intel64 Family 6 Model 78 Stepping 3, GenuineIntel
TMP=C:\PROGRA~1\KMSpico\temp
TEMP=C:\PROGRA~1\KMSpico\temp



Periodic native trim disabled


---------------  S Y S T E M  ---------------

OS:
 Windows 10 , 64 bit Build 19041 (10.0.19041.4717)
OS uptime: 0 days 10:13 hours

CPU: total 4 (initial active 4) (2 cores per cpu, 2 threads per core) family 6 model 78 stepping 3 microcode 0xcc, cx8, cmov, fxsr, ht, mmx, 3dnowpref, sse, sse2, sse3, ssse3, sse4.1, sse4.2, popcnt, lzcnt, tsc, tscinvbit, avx, avx2, aes, erms, clmul, bmi1, bmi2, rtm, adx, fma, vzeroupper, clflush, clflushopt
Processor Information for all 4 processors :
  Max Mhz: 2496, Current Mhz: 2396, Mhz Limit: 2396

Memory: 4k page, system-wide physical 16264M (324M free)
TotalPageFile size 34211M (AvailPageFile size 4M)
current process WorkingSet (physical memory assigned to process): 47M, peak: 175M
current process commit charge ("private bytes"): 206M, peak: 357M

vm_info: OpenJDK 64-Bit Server VM (17.0.11+9) for windows-amd64 JRE (17.0.11+9), built on Apr 17 2024 06:07:48 by "admin" with MS VC++ 16.10 / 16.11 (VS2019)

END.
